spi mode: 4
bits per word: 8
max speed: 50000 Hz (50 KHz)
template_size=1004
sizeof(TPMU_SENSITIVE_CREATE) = 128
TPM_CreateLoaded cmd bytes:80020000003700000191800000000000000940000009000000000000040000000000140045000b00020072000000000009000400000000
..
[+] Command Transmitted

[+] TPM GO set

[+] Data Available

 data 0000013f
rsp size is 319
rsp:0000013fb600
TPM repsonse bytes:80020000013f00000000800000010000012800bf00209bbedbb2b131086c612c7e71150914a289d8b32a95dc1d5d17016c3fc855923f001062fa60d9f9a3659af10227ba4a96a3e7574fc74b4e5e8ced4bffbb7ad6bbc8ecbd38143b551ef48c795170f9ab5e556eb402f3a5af0d3f16c7a3c5f60f5e3966286313dec0f533dff11793c3c3d4dd77b5204dcfddac9c0c0948f490d254e48646c6baa430f2d04f0a344771eda505a27b39be9afad43d94aa508f4ea6091358a7bcde2eb75aec44c5aa84b65e8cb556f703550a1fbda66c5e311f00410045000b0002007200000000000900318d2f4070a490a35b6199efa783bf735e220aa167b05c69b50029e32b1a129b1ed5506c11b73993792271e2e98b723870090022000be8f476da67a05abde6eff110d38913d701d8a187eebeb0906cf21b0251b662ea0000010000
TPM-CreateLoaded-time is 17.196s
command_code = 346
PQC_Private cmd bytes:8002000000410000015a8000000100000009400000090000000000ffff00200020ffffffffffffffffffffffffffffffffffffffffffffffffffffffffffffffff
...
[+] Command Transmitted

[+] TPM GO set

[+] Data Available

 data 00000015
rsp size is 21
rsp:00000015a100
PQC_Private rsp bytes:800200000015000000000000000200000000010000
PQC-Private-time is 168.198 s
command_code = 373
PQC_Public cmd bytes:8001000000340000017580000001ffff00200020ffffffffffffffffffffffffffffffffffffffffffffffffffffffffffffffff
stream_fill 16224
..
[+] Command Transmitted

[+] TPM GO set

[+] Data Available

 data 00000052
rsp size is 82
rsp:000000520000
PQC-Public-time is 5.494s
PQC_Public rsp bytes:80010000005200000000000bffffffffffffffffffffffffffffffffffffffffffffffffffffffffffffffff4040002000204040404040404040404040404040404040404040404040404040404040404040
write-time was 5.343s
read-time was 6.429s
