spi mode: 4
bits per word: 8
max speed: 50000 Hz (50 KHz)
template_size=1004
sizeof(TPMU_SENSITIVE_CREATE) = 128
TPM_CreateLoaded cmd bytes:80020000003700000191800000000000000940000009000000000000040000000000140045000b00020072000000000006000400000000
..
[+] Command Transmitted

[+] TPM GO set

[+] Data Available

 data 0000010f
rsp size is 271
rsp:0000010fb600
TPM repsonse bytes:80020000010f0000000080000001000000f8009f0020b0aacbeb181ca7a6ecb72d609625635e53750b10677d2c6fd482dea7a27e5c3c001062fa60d9f9a3659af10227ba4a96a3e71873ba2c30cd3f53f16d6951cdee25adcb3bc3d1a7e7c4b2ddbf3aea0210184c5984de28664fda336b177d3b88b80be968eb9c5e303ab14cbf64f943a18139c766195ecc4a40a06e33ee29b27dab075842f3d134f603763fd0fcce39a7d23eb03eb83b342a0926c5e1744200310045000b00020072000000000006002159310ac183a1da1883dab5318105fb5282b0018c9fef4a8eedef9c8c4ac3e510060022000b912b9896fd25acbf7ffe48fbba32b3ec3eb298ae8f6893d5e62dc1b1122a1f3d0000010000
TPM-CreateLoaded-time is 0.415s
command_code = 346
PQC_Private cmd bytes:8002000000410000015a8000000100000009400000090000000000ffff00200020ffffffffffffffffffffffffffffffffffffffffffffffffffffffffffffffff
...
[+] Command Transmitted

[+] TPM GO set

[+] Data Available

 data 00000015
rsp size is 21
rsp:000000150100
PQC_Private rsp bytes:800200000015000000000000000200000000010000
PQC-Private-time is 11.018 s
command_code = 373
PQC_Public cmd bytes:8001000000340000017580000001ffff00200020ffffffffffffffffffffffffffffffffffffffffffffffffffffffffffffffff
stream_fill 17088
..
[+] Command Transmitted

[+] TPM GO set

[+] Data Available

 data 00000052
rsp size is 82
rsp:000000520000
PQC-Public-time is 5.874s
PQC_Public rsp bytes:80010000005200000000000bffffffffffffffffffffffffffffffffffffffffffffffffffffffffffffffff4040002000204040404040404040404040404040404040404040404040404040404040404040
write-time was 5.724s
read-time was 6.707s
