spi mode: 4
bits per word: 8
max speed: 50000 Hz (50 KHz)
template_size=1004
sizeof(TPMU_SENSITIVE_CREATE) = 128
TPM_CreateLoaded cmd bytes:80020000003700000191800000000000000940000009000000000000040000000000140045000b00020072000000000013000400000000
..
[+] Command Transmitted

[+] TPM GO set

[+] Data Available

 data 0000010f
rsp size is 271
rsp:0000010fb600
TPM repsonse bytes:80020000010f0000000080000001000000f8009f0020f8c7ce40ac7419bb395c71f56c528cce7275b58bdf72c470a03c3a5841c44bed001062fa60d9f9a3659af10227ba4a96a3e7f2f866810a79998463badbb024cdc85d587b3144207136e1f3f07cb1d41622f66f00642cf56ce7ec95ed31acd0b87f2a95d2ea7590aa3d9a959e87cbc2a2fb6172c530aed5cc4cc90daeaceebaff50351ab2c0fa319876fbd7d037b0c07ecb3ba47f8a0f2f360b1cc1b5da00310045000b00020072000000000013002159310ac183a1da1883dab5318105fb5270fc648e0a9f165d00e961fb111583ae130022000b4dee035b74432e56f17fb35cd3d1eccd55b2fb1c1a9c06fb7fcebf6830a0ac830000010000
TPM-CreateLoaded-time is 89.510s
command_code = 346
PQC_Private cmd bytes:8002000000410000015a8000000100000009400000090000000000ffff00200020ffffffffffffffffffffffffffffffffffffffffffffffffffffffffffffffff
...
[+] Command Transmitted

[+] TPM GO set

[+] Data Available

 data 00000015
rsp size is 21
rsp:000000150100
PQC_Private rsp bytes:800200000015000000000000000200000000010000
PQC-Private-time is 681.567 s
command_code = 373
PQC_Public cmd bytes:8001000000340000017580000001ffff00200020ffffffffffffffffffffffffffffffffffffffffffffffffffffffffffffffff
stream_fill 7856
..
[+] Command Transmitted

[+] TPM GO set

[+] Data Available

 data 00000052
rsp size is 82
rsp:000000520000
PQC-Public-time is 3.333s
PQC_Public rsp bytes:80010000005200000000000bffffffffffffffffffffffffffffffffffffffffffffffffffffffffffffffff4040002000204040404040404040404040404040404040404040404040404040404040404040
write-time was 3.118s
read-time was 3.082s
