time:4
time:42269
time:84583
[+] booting TPM(0)
Size of OBJECT = zu
Size of components in TPMT_SENSITIVE = zu
    TPMI_ALG_PUBLIC                 zu
    TPM2B_AUTH                      zu
    TPM2B_DIGEST                    zu
    TPMU_SENSITIVE_COMPOSITE        zu
MAX_CONTEXT_SIZE can be reduced to 2424 (2500)
RC is 0
Primary Handle is 0x80000000
[+] TPM booted
0
0
Received TPM command:80020000003700000191800000000000000940000009000000000000040000000000140045000b0002007200000000000a000400000000
../tpm/CryptPqcMain.c:25 reached
Scheme id is 0000000a
Scheme is sphincs_sha256_256f_simple
crypto-sign-keypair-start-kcycles:962696
crypto-sign-keypair-stop-kcycles:1082238
crypto-sign-keypair-total-kcycles:119542
(65,129)
command.parameterSize = 367 maxResponse = 2048
Command Response ready:80020000016f00000000800000010000015800df0020f7acb5e9d42ae1e0406ba6a340e6090268111281d0b0ed2ff85b56beba83d765001062fa60d9f9a3659af10227ba4a96a3e739ef5a3e19a07a87c788f92c1f8a153d746e28bf64c36ce0d8ca76174b6adffed88b1f9a93774f101b1675d1475b0114c5d87d0be2f79f57c76454e6da2542426880d02ee0e9fffc9283dcd4d7ecdfff68d32da92932116658f0091c500616c32768ec2d74acc4465bde89be94c696ee8a090a9aac33bcf5b29a827659c5d9c47724be946f1163f7e24a8ef154f70c320a667648ec200a38e34a2cbd727bfc6f7cbf591aaaebada984eae000510045000b0002007200000000000a0041220aa167b05c69b5b282532f3cfc5f622e8c9ce931818a986fc0316b1497fe310ecd13fac4e1d05d2f8eb70997838dd582b7973729f62bbb26e15458b7bf0be30a0022000b198845f9f65605ffb8b0ba6ebec76c659a9bd0e15e823ecc129682757c638af10000010000
Received TPM command:8002000000410000015a8000000100000009400000090000000000ffff00200020ffffffffffffffffffffffffffffffffffffffffffffffffffffffffffffffff
Scheme id is 10
Scheme is sphincs_sha256_256f_simple


crypto-sign-signature-streaming-start-kcycles:1131938
crypto-sign-signature-streaming-stop-kcycles:6952849
crypto-sign-signature-streaming-total-kcycles:5820911
crypto-sign-signature-streaming-write-kcycles:3310185
command.parameterSize = 21 maxResponse = 2048
Command Response ready:800200000015000000000000000200000000010000
Received TPM command:8001000000340000017580000001ffff00200020ffffffffffffffffffffffffffffffffffffffffffffffffffffffffffffffff
reached PQC_Public
Scheme id is 10
Scheme is sphincs_sha256_256f_simple
crypto-sign-verify-streaming-start-kcycles:6968344
crypto-sign-verify-streaming-kcycles:9725362
crypto-sign-verify-streaming-total-kcycles:2757018
crypto-sign-verify-streaming-read-kcycles:2684112
crypto_sign_verify_streaming retured 0
command.parameterSize = 82 maxResponse = 2048
Command Response ready:80010000005200000000000bffffffffffffffffffffffffffffffffffffffffffffffffffffffffffffffff4040002000204040404040404040404040404040404040404040404040404040404040404040
