time:4
time:42269
time:84583
[+] booting TPM(0)
Size of OBJECT = zu
Size of components in TPMT_SENSITIVE = zu
    TPMI_ALG_PUBLIC                 zu
    TPM2B_AUTH                      zu
    TPM2B_DIGEST                    zu
    TPMU_SENSITIVE_COMPOSITE        zu
MAX_CONTEXT_SIZE can be reduced to 2424 (2500)
RC is 0
Primary Handle is 0x80000000
[+] TPM booted
0
0
Received TPM command:80020000003700000191800000000000000940000009000000000000040000000000140045000b00020072000000000012000400000000
../tpm/CryptPqcMain.c:25 reached
Scheme id is 00000012
Scheme is sphincs_shake256_128f_simple
crypto-sign-keypair-start-kcycles:991783
crypto-sign-keypair-stop-kcycles:1225847
crypto-sign-keypair-total-kcycles:234064
(33,65)
command.parameterSize = 271 maxResponse = 2048
Command Response ready:80020000010f0000000080000001000000f8009f00204547fe7852db28a9d8d1af1147061e4e263baf4dd03887569a12b65e396af23c001062fa60d9f9a3659af10227ba4a96a3e77fc1cf53f69f42099b23292988c9dbc704cff97807e07339379f9e38cebc2ba6f037d0dd1748f2f34711c83d1109e1fdd9a31bb8cc7b18d82e055d04b7d8bcada4256083c6bab76409b52ed24e28a663d18125ab5dd40ae3e888bc297fe0839ccbf0bb4892f5d071ff614800310045000b00020072000000000012002159310ac183a1da1883dab5318105fb5209faeceb32a5a51914264a8902ce6ea2120022000bba4130179c97160a5db9ec94cc7f8e289fe46c1750e271d0da619826cb5a38210000010000
Received TPM command:8002000000410000015a8000000100000009400000090000000000ffff00200020ffffffffffffffffffffffffffffffffffffffffffffffffffffffffffffffff
Scheme id is 18
Scheme is sphincs_shake256_128f_simple


crypto-sign-signature-streaming-start-kcycles:1266826
crypto-sign-signature-streaming-stop-kcycles:7887179
crypto-sign-signature-streaming-total-kcycles:6620353
crypto-sign-signature-streaming-write-kcycles:1139417
command.parameterSize = 21 maxResponse = 2048
Command Response ready:800200000015000000000000000200000000010000
Received TPM command:8001000000340000017580000001ffff00200020ffffffffffffffffffffffffffffffffffffffffffffffffffffffffffffffff
reached PQC_Public
Scheme id is 18
Scheme is sphincs_shake256_128f_simple
crypto-sign-verify-streaming-start-kcycles:7902705
crypto-sign-verify-streaming-kcycles:9149281
crypto-sign-verify-streaming-total-kcycles:1246576
crypto-sign-verify-streaming-read-kcycles:924996
crypto_sign_verify_streaming retured 0
command.parameterSize = 82 maxResponse = 2048
Command Response ready:80010000005200000000000bffffffffffffffffffffffffffffffffffffffffffffffffffffffffffffffff4040002000204040404040404040404040404040404040404040404040404040404040404040
