spi mode: 4
bits per word: 8
max speed: 50000 Hz (50 KHz)
template_size=1004
sizeof(TPMU_SENSITIVE_CREATE) = 128
TPM_CreateLoaded cmd bytes:80020000003700000191800000000000000940000009000000000000040000000000140045000b00020072000000000016000400000000
..
[+] Command Transmitted

[+] TPM GO set

[+] Data Available

 data 0000016f
rsp size is 367
rsp:0000016fb600
TPM repsonse bytes:80020000016f00000000800000010000015800df0020fd4fce4e4dc1fc45a60951662d7d36125b8104ae0984e6c16cef8a5d466f1fc2001062fa60d9f9a3659af10227ba4a96a3e7273962229ffb4d2832149ad919a6d44bb1ef22f64782eaa7b69142a5f5fa309ac2a0d81ff651729265b91c8c473137c1cd42cb9716a8d83075bf8285808b28f8165f3a835d8d16ee8a7fd33de06ce95a290524455f1f5366f88ffc0e793ce5ec9565bd837b49c770845a237612cfbb09757f755614e42f7bfdfd7688cc5880563d2654c8c81a9d8d8d3cd4edaf327e65b3e5ee8676404f3c9e18b715e98c54fd4a31c10840734203bf9f6c00510045000b000200720000000000160041220aa167b05c69b5b282532f3cfc5f622e8c9ce931818a986fc0316b1497fe316d328bd4b1392840df2107d13c382e02564e36d2d07f927d7e9016a8f8ac3bc9160022000be90eaabada8fc9b6e2912d92255edaae1b37faa1bb707fa5b38af55e3dafcb220000010000
TPM-CreateLoaded-time is 5.716s
command_code = 346
PQC_Private cmd bytes:8002000000410000015a8000000100000009400000090000000000ffff00200020ffffffffffffffffffffffffffffffffffffffffffffffffffffffffffffffff
...
[+] Command Transmitted

[+] TPM GO set

[+] Data Available

 data 00000015
rsp size is 21
rsp:000000150100
PQC_Private rsp bytes:800200000015000000000000000200000000010000
PQC-Private-time is 128.923 s
command_code = 373
PQC_Public cmd bytes:8001000000340000017580000001ffff00200020ffffffffffffffffffffffffffffffffffffffffffffffffffffffffffffffff
stream_fill 49856
..
[+] Command Transmitted

[+] TPM GO set

[+] Data Available

 data 00000052
rsp size is 82
rsp:000000520000
PQC-Public-time is 19.021s
PQC_Public rsp bytes:80010000005200000000000bffffffffffffffffffffffffffffffffffffffffffffffffffffffffffffffff4040002000204040404040404040404040404040404040404040404040404040404040404040
write-time was 18.833s
read-time was 19.549s
