
time:42269
time:84583
[+] booting TPM(0)
Size of OBJECT = zu
Size of components in TPMT_SENSITIVE = zu
    TPMI_ALG_PUBLIC                 zu
    TPM2B_AUTH                      zu
    TPM2B_DIGEST                    zu
    TPMU_SENSITIVE_COMPOSITE        zu
MAX_CONTEXT_SIZE can be reduced to 2424 (2500)
RC is 0
Primary Handle is 0x80000000
[+] TPM booted
0
0
Received TPM command:80020000003700000191800000000000000940000009000000000000040000000000140045000b00020072000000000011000400000000
../tpm/CryptPqcMain.c:25 reached
Scheme id is 00000011
Scheme is sphincs_shake256_256s_robust
crypto-sign-keypair-start-kcycles:955440
crypto-sign-keypair-stop-kcycles:28885625
crypto-sign-keypair-total-kcycles:27930185
(65,129)
command.parameterSize = 367 maxResponse = 2048
Command Response ready:80020000016f00000000800000010000015800df0020175867cc0d1a99c75e81887f6e6719caccc4c62dfd98f50bc2e2521122586748001062fa60d9f9a3659af10227ba4a96a3e7cd421914d3fb5aa58f18908a2cf569ca6651e37b2b6c46f38eed57bb17f22e8250686655aa9e4f77c85e7710333f5c15a040a6434b4cca6bc084f4bd7b063734a033b2b30199632f2200b09a1a9945b1d8fb95239438c9bd6b1929ffa30351655c65c8cfa151507cbf4c42a432ea25a5a79a0a222fdd77c0957cb71180e11703f79c0f5e9274995e46408183fdbbf253168250cb15ebfb2aad934c2d09dfb1236a6dfe1244f83ec907812900510045000b000200720000000000110041220aa167b05c69b5b282532f3cfc5f622e8c9ce931818a986fc0316b1497fe31af0688401945ba5418519d810ccdd5e98028921a21e25c6bdf8aa8aafc12184e110022000bfa52dcfd87cb6dbf20e56f54ad6670850a236eb606b8e34418c0f1d4f8dfff4c0000010000
Received TPM command:8002000000410000015a8000000100000009400000090000000000ffff00200020ffffffffffffffffffffffffffffffffffffffffffffffffffffffffffffffff
Scheme id is 17
Scheme is sphincs_shake256_256s_robust


crypto-sign-signature-streaming-start-kcycles:28935736
crypto-sign-signature-streaming-stop-kcycles:348331671
crypto-sign-signature-streaming-total-kcycles:319395935
crypto-sign-signature-streaming-write-kcycles:1980597
command.parameterSize = 21 maxResponse = 2048
Command Response ready:800200000015000000000000000200000000010000
Received TPM command:8001000000340000017580000001ffff00200020ffffffffffffffffffffffffffffffffffffffffffffffffffffffffffffffff
reached PQC_Public
Scheme id is 17
Scheme is sphincs_shake256_256s_robust
crypto-sign-verify-streaming-start-kcycles:348348389
crypto-sign-verify-streaming-kcycles:350422475
crypto-sign-verify-streaming-total-kcycles:2074086
crypto-sign-verify-streaming-read-kcycles:1605040
crypto_sign_verify_streaming retured 0
command.parameterSize = 82 maxResponse = 2048
Command Response ready:80010000005200000000000bffffffffffffffffffffffffffffffffffffffffffffffffffffffffffffffff4040002000204040404040404040404040404040404040404040404040404040404040404040
