time:4
time:42269
time:84583
[+] booting TPM(0)
Size of OBJECT = zu
Size of components in TPMT_SENSITIVE = zu
    TPMI_ALG_PUBLIC                 zu
    TPM2B_AUTH                      zu
    TPM2B_DIGEST                    zu
    TPMU_SENSITIVE_COMPOSITE        zu
MAX_CONTEXT_SIZE can be reduced to 2424 (2500)
RC is 0
Primary Handle is 0x80000000
[+] TPM booted
0
0
Received TPM command:80020000003700000191800000000000000940000009000000000000040000000000140045000b0002007200000000000e000400000000
../tpm/CryptPqcMain.c:25 reached
Scheme id is 0000000e
Scheme is sphincs_shake256_192f_robust
crypto-sign-keypair-start-kcycles:1016245
crypto-sign-keypair-stop-kcycles:1675933
crypto-sign-keypair-total-kcycles:659688
(49,97)
command.parameterSize = 319 maxResponse = 2048
Command Response ready:80020000013f00000000800000010000012800bf002066286f49599835875ea49dcc60a99b67e25117bfdf2b95037f77e336f92d4a1a001062fa60d9f9a3659af10227ba4a96a3e75e8c29cb2f258b50b4a4c77a355e1096156f5b14970c22321ceebdc30351741e9814a362c500a2a6e8b0d440d45d04746bc3794d14c332ae5da898a778a4e8e12d7a4a6cd5ed6880e5998dfa7c22bf43f3bcc29a386db99c184f93b90f0e33d24bdc3287229a32318fdec203a4be0f55680c026c6eb98844dc33aba1511e4b2e6811170e6f96c068f23be700410045000b0002007200000000000e00318d2f4070a490a35b6199efa783bf735e220aa167b05c69b57ae6b707feffa98038a8dd926fa18aa964a94ccce00dad1d0e0022000b8f95ea2143b26affc8c2ff90acb9ee56c4ebb1a040af1d70ab31b56f154925b40000010000
Received TPM command:8002000000410000015a8000000100000009400000090000000000ffff00200020ffffffffffffffffffffffffffffffffffffffffffffffffffffffffffffffff
Scheme id is 14
Scheme is sphincs_shake256_192f_robust


crypto-sign-signature-streaming-start-kcycles:1721177
crypto-sign-signature-streaming-stop-kcycles:20819670
crypto-sign-signature-streaming-total-kcycles:19098493
crypto-sign-signature-streaming-write-kcycles:2386506
command.parameterSize = 21 maxResponse = 2048
Command Response ready:800200000015000000000000000200000000010000
Received TPM command:8001000000340000017580000001ffff00200020ffffffffffffffffffffffffffffffffffffffffffffffffffffffffffffffff
reached PQC_Public
Scheme id is 14
Scheme is sphincs_shake256_192f_robust
crypto-sign-verify-streaming-start-kcycles:20836384
crypto-sign-verify-streaming-kcycles:23738996
crypto-sign-verify-streaming-total-kcycles:2902612
crypto-sign-verify-streaming-read-kcycles:1927205
crypto_sign_verify_streaming retured 0
command.parameterSize = 82 maxResponse = 2048
Command Response ready:80010000005200000000000bffffffffffffffffffffffffffffffffffffffffffffffffffffffffffffffff4040002000204040404040404040404040404040404040404040404040404040404040404040
