time:4
time:42269
time:84583
[+] booting TPM(0)
Size of OBJECT = zu
Size of components in TPMT_SENSITIVE = zu
    TPMI_ALG_PUBLIC                 zu
    TPM2B_AUTH                      zu
    TPM2B_DIGEST                    zu
    TPMU_SENSITIVE_COMPOSITE        zu
MAX_CONTEXT_SIZE can be reduced to 2424 (2500)
RC is 0
Primary Handle is 0x80000000
[+] TPM booted
0
0
Received TPM command:80020000003700000191800000000000000940000009000000000000040000000000140045000b0002007200000000000c000400000000
../tpm/CryptPqcMain.c:25 reached
Scheme id is 0000000c
Scheme is sphincs_shake256_128f_robust
crypto-sign-keypair-start-kcycles:942850
crypto-sign-keypair-stop-kcycles:1392962
crypto-sign-keypair-total-kcycles:450112
(33,65)
command.parameterSize = 271 maxResponse = 2048
Command Response ready:80020000010f0000000080000001000000f8009f0020be0426dd7833a4e0578008aa4e833de30945bb9af435bc7537b51ac60095da4a001062fa60d9f9a3659af10227ba4a96a3e78e7606aaaf105a162941ae43314a64a9a3824386d04a035da06255a22c7a9dbc5ded86df70ab16705d6d7e0c1a04263bcbaba755d245fc6b9dc358f8ce2ff81455f4bbeecafd85a336e376ec4d7c9d63fbb0099d25faf16f8ff94d2b738f472cd5ae168f961e4fa3186f0800310045000b0002007200000000000c002159310ac183a1da1883dab5318105fb523c879b5f3dd0a32d0d61d2aa111d54da0c0022000b8766086c9968abeaba20ef87d847e1114b793626631d50f947a6ae86cc1ccedc0000010000
Received TPM command:8002000000410000015a8000000100000009400000090000000000ffff00200020ffffffffffffffffffffffffffffffffffffffffffffffffffffffffffffffff
Scheme id is 12
Scheme is sphincs_shake256_128f_robust


crypto-sign-signature-streaming-start-kcycles:1433448
crypto-sign-signature-streaming-stop-kcycles:13021641
crypto-sign-signature-streaming-total-kcycles:11588193
crypto-sign-signature-streaming-write-kcycles:1136489
command.parameterSize = 21 maxResponse = 2048
Command Response ready:800200000015000000000000000200000000010000
Received TPM command:8001000000340000017580000001ffff00200020ffffffffffffffffffffffffffffffffffffffffffffffffffffffffffffffff
reached PQC_Public
Scheme id is 12
Scheme is sphincs_shake256_128f_robust
crypto-sign-verify-streaming-start-kcycles:13038358
crypto-sign-verify-streaming-kcycles:14615142
crypto-sign-verify-streaming-total-kcycles:1576784
crypto-sign-verify-streaming-read-kcycles:921540
crypto_sign_verify_streaming retured 0
command.parameterSize = 82 maxResponse = 2048
Command Response ready:80010000005200000000000bffffffffffffffffffffffffffffffffffffffffffffffffffffffffffffffff4040002000204040404040404040404040404040404040404040404040404040404040404040
