spi mode: 4
bits per word: 8
max speed: 50000 Hz (50 KHz)
template_size=1004
sizeof(TPMU_SENSITIVE_CREATE) = 128
TPM_CreateLoaded cmd bytes:80020000003700000191800000000000000940000009000000000000040000000000140045000b00020072000000000015000400000000
..
[+] Command Transmitted

[+] TPM GO set

[+] Data Available

 data 0000013f
rsp size is 319
rsp:0000013fb600
TPM repsonse bytes:80020000013f00000000800000010000012800bf002048b639dd268a903e1652610532e7471cc050d30ba0a45c37a82a4025c51df28c001062fa60d9f9a3659af10227ba4a96a3e7d7dee6614171b32a84b58fa33b151808e8db4765c1cf8f14c7922d5464bc319de053c59c6f564186535b642501fd132321da2dd8a97eb7f28ba73f2f3fbeb17e890f2c1cb0e8c1bfad4dc7094ce3852b2dc6fdfe0f078668d53a5b38cc63a0751342b8a312f61d41ed115590668e6da9f38f06a509709a734dbeb9e17dab0cd4958252f0a952bbe249afa700410045000b0002007200000000001500318d2f4070a490a35b6199efa783bf735e220aa167b05c69b5416d7b5d65917bfea90770fc8777de073b99b8b4ae0a356a150022000b68958a1a26b423121c383a39c3a0aad6e62dcdba4ab47c9557d9c54461b9a7110000010000
TPM-CreateLoaded-time is 131.316s
command_code = 346
PQC_Private cmd bytes:8002000000410000015a8000000100000009400000090000000000ffff00200020ffffffffffffffffffffffffffffffffffffffffffffffffffffffffffffffff
...
[+] Command Transmitted

[+] TPM GO set

[+] Data Available

 data 00000015
rsp size is 21
rsp:00000015cd00
PQC_Private rsp bytes:800200000015000000000000000200000000010000
PQC-Private-time is 1184.269 s
command_code = 373
PQC_Public cmd bytes:8001000000340000017580000001ffff00200020ffffffffffffffffffffffffffffffffffffffffffffffffffffffffffffffff
stream_fill 16224
..
[+] Command Transmitted

[+] TPM GO set

[+] Data Available

 data 00000052
rsp size is 82
rsp:000000520000
PQC-Public-time is 6.339s
PQC_Public rsp bytes:80010000005200000000000bffffffffffffffffffffffffffffffffffffffffffffffffffffffffffffffff4040002000204040404040404040404040404040404040404040404040404040404040404040
write-time was 6.137s
read-time was 6.431s
