spi mode: 4
bits per word: 8
max speed: 50000 Hz (50 KHz)
template_size=1004
sizeof(TPMU_SENSITIVE_CREATE) = 128
TPM_CreateLoaded cmd bytes:80020000003700000191800000000000000940000009000000000000040000000000140045000b0002007200000000000f000400000000
..
[+] Command Transmitted

[+] TPM GO set

[+] Data Available

 data 0000013f
rsp size is 319
rsp:0000013fb600
TPM repsonse bytes:80020000013f00000000800000010000012800bf0020efbc6e90db3dabb1d6327b6dbe0b4f227813917c7d231a51034c671376759c26001062fa60d9f9a3659af10227ba4a96a3e75a785c286e4722a368d5da76768415d97105201a7101fb5939337e672f835be2c2832f77b41a79847d5ea0e994e09d8c59450b0b74a12b0657657d48a04717a6b0445929c225e7973bf2acefce940f9e593e0fd775161555c8fb9c310c7b3fc630d846f7bd3a76b07d13401789ed21069a29245954d502c4b3fb7f3da7b3a0d81eeb98c75e943f4bfcf5b600410045000b0002007200000000000f00318d2f4070a490a35b6199efa783bf735e220aa167b05c69b55d887dfcd8410e8386a43fdf9325ea410f71db81e3adb4a10f0022000b65758c19b7f787214eb60e346396e15b79b818370c818ea48a90888b39a5dc820000010000
TPM-CreateLoaded-time is 251.846s
command_code = 346
PQC_Private cmd bytes:8002000000410000015a8000000100000009400000090000000000ffff00200020ffffffffffffffffffffffffffffffffffffffffffffffffffffffffffffffff
...
[+] Command Transmitted

[+] TPM GO set

[+] Data Available

 data 00000015
rsp size is 21
rsp:000000151800
PQC_Private rsp bytes:800200000015000000000000000200000000010000
PQC-Private-time is 2198.703 s
command_code = 373
PQC_Public cmd bytes:8001000000340000017580000001ffff00200020ffffffffffffffffffffffffffffffffffffffffffffffffffffffffffffffff
stream_fill 16224
..
[+] Command Transmitted

[+] TPM GO set

[+] Data Available

 data 00000052
rsp size is 82
rsp:000000520000
PQC-Public-time is 7.328s
PQC_Public rsp bytes:80010000005200000000000bffffffffffffffffffffffffffffffffffffffffffffffffffffffffffffffff4040002000204040404040404040404040404040404040404040404040404040404040404040
write-time was 7.053s
read-time was 6.432s
