spi mode: 4
bits per word: 8
max speed: 50000 Hz (50 KHz)
template_size=1004
sizeof(TPMU_SENSITIVE_CREATE) = 128
TPM_CreateLoaded cmd bytes:80020000003700000191800000000000000940000009000000000000040000000000140045000b00020072000000000003000400000000
..
[+] Command Transmitted

[+] TPM GO set

[+] Data Available

 data 0000013f
rsp size is 319
rsp:0000013fb600
TPM repsonse bytes:80020000013f00000000800000010000012800bf0020207b87738d54ea7f43a319707fa83a9f156bdb12799e87f8540cad77e61edd4f001062fa60d9f9a3659af10227ba4a96a3e73a7ac7541595918b41b6f1d7ae2356e9deafd4f2e36a7d84423fe355d0c57f1393da8e6332938f3ad7056d6f86e3940354937838e1896434eeb7e59cb9a1b28cd1c959db05b05e5c42415cc7eb3c3de5c1d8ab62d9ac82068e19b3e2e8c44b032ec1dafc754bd6b1e0734163061d0e90f112dd2fb7ba083f4a1183a665dd419ea0bb0a7995e867d21b7d7600410045000b0002007200000000000300318d2f4070a490a35b6199efa783bf735e220aa167b05c69b543ce7b1a893b553ec785f4ad4aa4553c3f7dee3926b57e08030022000bfba413708bf59d4f829f8c64cf88c223698a33d70053ec9e74d6e4644af481be0000010000
TPM-CreateLoaded-time is 35.065s
command_code = 346
PQC_Private cmd bytes:8002000000410000015a8000000100000009400000090000000000ffff00200020ffffffffffffffffffffffffffffffffffffffffffffffffffffffffffffffff
...
[+] Command Transmitted

[+] TPM GO set

[+] Data Available

 data 00000015
rsp size is 21
rsp:000000153300
PQC_Private rsp bytes:800200000015000000000000000200000000010000
PQC-Private-time is 328.860 s
command_code = 373
PQC_Public cmd bytes:8001000000340000017580000001ffff00200020ffffffffffffffffffffffffffffffffffffffffffffffffffffffffffffffff
stream_fill 16224
..
[+] Command Transmitted

[+] TPM GO set

[+] Data Available

 data 00000052
rsp size is 82
rsp:000000520000
PQC-Public-time is 5.662s
PQC_Public rsp bytes:80010000005200000000000bffffffffffffffffffffffffffffffffffffffffffffffffffffffffffffffff4040002000204040404040404040404040404040404040404040404040404040404040404040
write-time was 5.498s
read-time was 6.429s
