time:4
time:42269
time:84583
[+] booting TPM(0)
Size of OBJECT = zu
Size of components in TPMT_SENSITIVE = zu
    TPMI_ALG_PUBLIC                 zu
    TPM2B_AUTH                      zu
    TPM2B_DIGEST                    zu
    TPMU_SENSITIVE_COMPOSITE        zu
MAX_CONTEXT_SIZE can be reduced to 2424 (2500)
RC is 0
Primary Handle is 0x80000000
[+] TPM booted
0
0
Received TPM command:80020000003700000191800000000000000940000009000000000000040000000000140045000b00020072000000000015000400000000
../tpm/CryptPqcMain.c:25 reached
Scheme id is 00000015
Scheme is sphincs_shake256_192s_simple
crypto-sign-keypair-start-kcycles:990393
crypto-sign-keypair-stop-kcycles:22986790
crypto-sign-keypair-total-kcycles:21996397
(49,97)
command.parameterSize = 319 maxResponse = 2048
Command Response ready:80020000013f00000000800000010000012800bf002048b639dd268a903e1652610532e7471cc050d30ba0a45c37a82a4025c51df28c001062fa60d9f9a3659af10227ba4a96a3e7d7dee6614171b32a84b58fa33b151808e8db4765c1cf8f14c7922d5464bc319de053c59c6f564186535b642501fd132321da2dd8a97eb7f28ba73f2f3fbeb17e890f2c1cb0e8c1bfad4dc7094ce3852b2dc6fdfe0f078668d53a5b38cc63a0751342b8a312f61d41ed115590668e6da9f38f06a509709a734dbeb9e17dab0cd4958252f0a952bbe249afa700410045000b0002007200000000001500318d2f4070a490a35b6199efa783bf735e220aa167b05c69b5416d7b5d65917bfea90770fc8777de073b99b8b4ae0a356a150022000b68958a1a26b423121c383a39c3a0aad6e62dcdba4ab47c9557d9c54461b9a7110000010000
Received TPM command:8002000000410000015a8000000100000009400000090000000000ffff00200020ffffffffffffffffffffffffffffffffffffffffffffffffffffffffffffffff
Scheme id is 21
Scheme is sphincs_shake256_192s_simple


crypto-sign-signature-streaming-start-kcycles:23031947
crypto-sign-signature-streaming-stop-kcycles:221785194
crypto-sign-signature-streaming-total-kcycles:198753247
crypto-sign-signature-streaming-write-kcycles:1090189
command.parameterSize = 21 maxResponse = 2048
Command Response ready:800200000015000000000000000200000000010000
Received TPM command:8001000000340000017580000001ffff00200020ffffffffffffffffffffffffffffffffffffffffffffffffffffffffffffffff
reached PQC_Public
Scheme id is 21
Scheme is sphincs_shake256_192s_simple
crypto-sign-verify-streaming-start-kcycles:221801930
crypto-sign-verify-streaming-kcycles:222842938
crypto-sign-verify-streaming-total-kcycles:1041008
crypto-sign-verify-streaming-read-kcycles:877963
crypto_sign_verify_streaming retured 0
command.parameterSize = 82 maxResponse = 2048
Command Response ready:80010000005200000000000bffffffffffffffffffffffffffffffffffffffffffffffffffffffffffffffff4040002000204040404040404040404040404040404040404040404040404040404040404040
