time:4
time:42269
time:84583
[+] booting TPM(0)
Size of OBJECT = zu
Size of components in TPMT_SENSITIVE = zu
    TPMI_ALG_PUBLIC                 zu
    TPM2B_AUTH                      zu
    TPM2B_DIGEST                    zu
    TPMU_SENSITIVE_COMPOSITE        zu
MAX_CONTEXT_SIZE can be reduced to 2424 (2500)
RC is 0
Primary Handle is 0x80000000
[+] TPM booted
0
0
Received TPM command:80020000003700000191800000000000000940000009000000000000040000000000140045000b0002007200000000000d000400000000
../tpm/CryptPqcMain.c:25 reached
Scheme id is 0000000d
Scheme is sphincs_shake256_128s_robust
crypto-sign-keypair-start-kcycles:1018610
crypto-sign-keypair-stop-kcycles:29831904
crypto-sign-keypair-total-kcycles:28813294
(33,65)
command.parameterSize = 271 maxResponse = 2048
Command Response ready:80020000010f0000000080000001000000f8009f002006107525b0abf4a726ee9787fc59d939063d4acff3f735c4139361ca72f2590a001062fa60d9f9a3659af10227ba4a96a3e72c1ad719eb418ac3b2ed2314dd5ac4b1bf0a50c60b19d043fea28ae19a8a91a7c087ff2c1c746ba1daffff5518047e026b335a7d8c15bb94309e8b753a1487b9a1f7dc4316cf97533ee348089cb8a0fd33a37334474e10bdee4773887ee2e5a33d6772f025d531bd6675cf00310045000b0002007200000000000d002159310ac183a1da1883dab5318105fb52c993ddeaaa54365a40056b69a674bb1c0d0022000b337704561cf4bc893f8f4f94d3d1cda8679fd77a35c6d15d5d5f3a95e1f46c080000010000
Received TPM command:8002000000410000015a8000000100000009400000090000000000ffff00200020ffffffffffffffffffffffffffffffffffffffffffffffffffffffffffffffff
Scheme id is 13
Scheme is sphincs_shake256_128s_robust


crypto-sign-signature-streaming-start-kcycles:29872928
crypto-sign-signature-streaming-stop-kcycles:246984394
crypto-sign-signature-streaming-total-kcycles:217111466
crypto-sign-signature-streaming-write-kcycles:523167
command.parameterSize = 21 maxResponse = 2048
Command Response ready:800200000015000000000000000200000000010000
Received TPM command:8001000000340000017580000001ffff00200020ffffffffffffffffffffffffffffffffffffffffffffffffffffffffffffffff
reached PQC_Public
Scheme id is 13
Scheme is sphincs_shake256_128s_robust
crypto-sign-verify-streaming-start-kcycles:247001139
crypto-sign-verify-streaming-kcycles:247639340
crypto-sign-verify-streaming-total-kcycles:638201
crypto-sign-verify-streaming-read-kcycles:423800
crypto_sign_verify_streaming retured 0
command.parameterSize = 82 maxResponse = 2048
Command Response ready:80010000005200000000000bffffffffffffffffffffffffffffffffffffffffffffffffffffffffffffffff4040002000204040404040404040404040404040404040404040404040404040404040404040
