spi mode: 4
bits per word: 8
max speed: 50000 Hz (50 KHz)
template_size=1004
sizeof(TPMU_SENSITIVE_CREATE) = 128
TPM_CreateLoaded cmd bytes:80020000003700000191800000000000000940000009000000000000040000000000140045000b00020072000000000014000400000000
..
[+] Command Transmitted

[+] TPM GO set

[+] Data Available

 data 0000013f
rsp size is 319
rsp:0000013fb600
TPM repsonse bytes:80020000013f00000000800000010000012800bf0020d59577b6d1ca13a915857ac5767e2c075a7b5f458d20e6dbee4c01db74146fd6001062fa60d9f9a3659af10227ba4a96a3e7ea0052ef1ab853ffa7f0482640f4db2b7abc1963c8163b5e4300e5aebb18f60060202cf29832c25f0729ebc1b272c02442ea3cdaf60a693543d657ecc36ee530f2ed6fd6c1eb0fb9b697b47809aa99f0862bfd00794cb36be7fc491e91c0533e90f5ccffd512846132cb19214f1f903970d022330e43242080e9b689f74fc6503e948b4a68f81d3264a7f100410045000b0002007200000000001400318d2f4070a490a35b6199efa783bf735e220aa167b05c69b595105cd7516aa458df4ed79e5fce7b1daff235da179602b8140022000bfecb305eda862ebc9eb386719f2b89a649b8f217ee491b34d0d2d548d9e9151b0000010000
TPM-CreateLoaded-time is 2.307s
command_code = 346
PQC_Private cmd bytes:8002000000410000015a8000000100000009400000090000000000ffff00200020ffffffffffffffffffffffffffffffffffffffffffffffffffffffffffffffff
...
[+] Command Transmitted

[+] TPM GO set

[+] Data Available

 data 00000015
rsp size is 21
rsp:00000015f200
PQC_Private rsp bytes:800200000015000000000000000200000000010000
PQC-Private-time is 67.300 s
command_code = 373
PQC_Public cmd bytes:8001000000340000017580000001ffff00200020ffffffffffffffffffffffffffffffffffffffffffffffffffffffffffffffff
stream_fill 35664
..
[+] Command Transmitted

[+] TPM GO set

[+] Data Available

 data 00000052
rsp size is 82
rsp:000000520000
PQC-Public-time is 14.408s
PQC_Public rsp bytes:80010000005200000000000bffffffffffffffffffffffffffffffffffffffffffffffffffffffffffffffff4040002000204040404040404040404040404040404040404040404040404040404040404040
write-time was 14.184s
read-time was 14.085s
