time:4
time:42269
time:84583
[+] booting TPM(0)
Size of OBJECT = zu
Size of components in TPMT_SENSITIVE = zu
    TPMI_ALG_PUBLIC                 zu
    TPM2B_AUTH                      zu
    TPM2B_DIGEST                    zu
    TPMU_SENSITIVE_COMPOSITE        zu
MAX_CONTEXT_SIZE can be reduced to 2424 (2500)
RC is 0
Primary Handle is 0x80000000
[+] TPM booted
0
0
Received TPM command:80020000003700000191800000000000000940000009000000000000040000000000140045000b00020072000000000008000400000000
../tpm/CryptPqcMain.c:25 reached
Scheme id is 00000008
Scheme is sphincs_sha256_192f_simple
crypto-sign-keypair-start-kcycles:960649
crypto-sign-keypair-stop-kcycles:1005066
crypto-sign-keypair-total-kcycles:44417
(49,97)
command.parameterSize = 319 maxResponse = 2048
Command Response ready:80020000013f00000000800000010000012800bf00208586d9e9b30b56b53615a6205a9b8c2af22706715fcf101b78f7df504e20740f001062fa60d9f9a3659af10227ba4a96a3e70fafc5e05d87a54f507903490cef16ac54002758e7e0d6242ae0ec0f50bf5e397d569695de4ffc459f1669df2f9623871ebb5e5fc295ddb75618c6bbf55d7e31b35944b56e3223cbda65e923c452f20f343f5d3d94208433848f46bb3b65889019af4d229f34dcb0e4a38c48e03270126143618f31bdc3cf38179aa424c337b7aea13ec07bbf6d6dfc32c600410045000b0002007200000000000800318d2f4070a490a35b6199efa783bf735e220aa167b05c69b590d57c0411d2312ad064700fa86071dfd45021d69be809ef080022000b4f416caaa7622408b5a58b8ce41d675a394f792ad1eb532f1cf5c3875c0540130000010000
Received TPM command:8002000000410000015a8000000100000009400000090000000000ffff00200020ffffffffffffffffffffffffffffffffffffffffffffffffffffffffffffffff
Scheme id is 8
Scheme is sphincs_sha256_192f_simple


crypto-sign-signature-streaming-start-kcycles:1050448
crypto-sign-signature-streaming-stop-kcycles:4634942
crypto-sign-signature-streaming-total-kcycles:3584494
crypto-sign-signature-streaming-write-kcycles:2386976
command.parameterSize = 21 maxResponse = 2048
Command Response ready:800200000015000000000000000200000000010000
Received TPM command:8001000000340000017580000001ffff00200020ffffffffffffffffffffffffffffffffffffffffffffffffffffffffffffffff
reached PQC_Public
Scheme id is 8
Scheme is sphincs_sha256_192f_simple
crypto-sign-verify-streaming-start-kcycles:4650417
crypto-sign-verify-streaming-kcycles:6641344
crypto-sign-verify-streaming-total-kcycles:1990927
crypto-sign-verify-streaming-read-kcycles:1922062
crypto_sign_verify_streaming retured 0
command.parameterSize = 82 maxResponse = 2048
Command Response ready:80010000005200000000000bffffffffffffffffffffffffffffffffffffffffffffffffffffffffffffffff4040002000204040404040404040404040404040404040404040404040404040404040404040
