spi mode: 4
bits per word: 8
max speed: 50000 Hz (50 KHz)
template_size=1004
sizeof(TPMU_SENSITIVE_CREATE) = 128
TPM_CreateLoaded cmd bytes:80020000003700000191800000000000000940000009000000000000040000000000140045000b00020072000000000011000400000000
..
[+] Command Transmitted

[+] TPM GO set

[+] Data Available

 data 0000016f
rsp size is 367
rsp:0000016fb600
TPM repsonse bytes:80020000016f00000000800000010000015800df0020175867cc0d1a99c75e81887f6e6719caccc4c62dfd98f50bc2e2521122586748001062fa60d9f9a3659af10227ba4a96a3e7cd421914d3fb5aa58f18908a2cf569ca6651e37b2b6c46f38eed57bb17f22e8250686655aa9e4f77c85e7710333f5c15a040a6434b4cca6bc084f4bd7b063734a033b2b30199632f2200b09a1a9945b1d8fb95239438c9bd6b1929ffa30351655c65c8cfa151507cbf4c42a432ea25a5a79a0a222fdd77c0957cb71180e11703f79c0f5e9274995e46408183fdbbf253168250cb15ebfb2aad934c2d09dfb1236a6dfe1244f83ec907812900510045000b000200720000000000110041220aa167b05c69b5b282532f3cfc5f622e8c9ce931818a986fc0316b1497fe31af0688401945ba5418519d810ccdd5e98028921a21e25c6bdf8aa8aafc12184e110022000bfa52dcfd87cb6dbf20e56f54ad6670850a236eb606b8e34418c0f1d4f8dfff4c0000010000
TPM-CreateLoaded-time is 166.697s
command_code = 346
PQC_Private cmd bytes:8002000000410000015a8000000100000009400000090000000000ffff00200020ffffffffffffffffffffffffffffffffffffffffffffffffffffffffffffffff
...
[+] Command Transmitted

[+] TPM GO set

[+] Data Available

 data 00000015
rsp size is 21
rsp:000000150100
PQC_Private rsp bytes:800200000015000000000000000200000000010000
PQC-Private-time is 1903.046 s
command_code = 373
PQC_Public cmd bytes:8001000000340000017580000001ffff00200020ffffffffffffffffffffffffffffffffffffffffffffffffffffffffffffffff
stream_fill 29792
..
[+] Command Transmitted

[+] TPM GO set

[+] Data Available

 data 00000052
rsp size is 82
rsp:000000520000
PQC-Public-time is 12.493s
PQC_Public rsp bytes:80010000005200000000000bffffffffffffffffffffffffffffffffffffffffffffffffffffffffffffffff4040002000204040404040404040404040404040404040404040404040404040404040404040
write-time was 12.349s
read-time was 11.686s
