spi mode: 4
bits per word: 8
max speed: 50000 Hz (50 KHz)
template_size=1004
sizeof(TPMU_SENSITIVE_CREATE) = 128
TPM_CreateLoaded cmd bytes:80020000003700000191800000000000000940000009000000000000040000000000140045000b00020072000000000010000400000000
..
[+] Command Transmitted

[+] TPM GO set

[+] Data Available

 data 0000016f
rsp size is 367
rsp:0000016fb600
TPM repsonse bytes:80020000016f00000000800000010000015800df0020a21e115ac4088cc336f09fe78070325fea827d965bd679ada51b7f2ee1c8fb9e001062fa60d9f9a3659af10227ba4a96a3e7caa809d0797f1df5734836f8adb3c4c4d3a96ea1e36b8d66f1b189153673bb13ae9e0b37a2c2116558e92e1b4cc89c83bf59e49b43636642c3d6c86acc3ab2f54ea239477860318ba5178d8b22acc062d40aba1116e3473298dfefe7a743b8fecbbbc26fbc8e20b4331b5c39b12853ec5570c002265a5031da3cecd21cc4ea305b3a1990daba4828f09be5bc6860d9364161d6dadda6ab4fdafe043361c9bf2579df4db75c6162429c665900510045000b000200720000000000100041220aa167b05c69b5b282532f3cfc5f622e8c9ce931818a986fc0316b1497fe310381fffda338756ce769a1f0119cff7033287eae97be77437d987c85db486bb1100022000b4f25e6b7295348a824dcc4f761b5df20cede92547788ffa128c9e1e0a0b7aad40000010000
TPM-CreateLoaded-time is 10.695s
command_code = 346
PQC_Private cmd bytes:8002000000410000015a8000000100000009400000090000000000ffff00200020ffffffffffffffffffffffffffffffffffffffffffffffffffffffffffffffff
...
[+] Command Transmitted

[+] TPM GO set

[+] Data Available

 data 00000015
rsp size is 21
rsp:000000150100
PQC_Private rsp bytes:800200000015000000000000000200000000010000
PQC-Private-time is 224.589 s
command_code = 373
PQC_Public cmd bytes:8001000000340000017580000001ffff00200020ffffffffffffffffffffffffffffffffffffffffffffffffffffffffffffffff
stream_fill 49856
..
[+] Command Transmitted

[+] TPM GO set

[+] Data Available

 data 00000052
rsp size is 82
rsp:000000520000
PQC-Public-time is 21.923s
PQC_Public rsp bytes:80010000005200000000000bffffffffffffffffffffffffffffffffffffffffffffffffffffffffffffffff4040002000204040404040404040404040404040404040404040404040404040404040404040
write-time was 21.683s
read-time was 19.548s
