time:4
time:42269
time:84583
[+] booting TPM(0)
Size of OBJECT = zu
Size of components in TPMT_SENSITIVE = zu
    TPMI_ALG_PUBLIC                 zu
    TPM2B_AUTH                      zu
    TPM2B_DIGEST                    zu
    TPMU_SENSITIVE_COMPOSITE        zu
MAX_CONTEXT_SIZE can be reduced to 2424 (2500)
RC is 0
Primary Handle is 0x80000000
[+] TPM booted
0
0
Received TPM command:80020000003700000191800000000000000940000009000000000000040000000000140045000b00020072000000000016000400000000
../tpm/CryptPqcMain.c:25 reached
Scheme id is 00000016
Scheme is sphincs_shake256_256f_simple
crypto-sign-keypair-start-kcycles:964029
crypto-sign-keypair-stop-kcycles:1874291
crypto-sign-keypair-total-kcycles:910262
(65,129)
command.parameterSize = 367 maxResponse = 2048
Command Response ready:80020000016f00000000800000010000015800df0020fd4fce4e4dc1fc45a60951662d7d36125b8104ae0984e6c16cef8a5d466f1fc2001062fa60d9f9a3659af10227ba4a96a3e7273962229ffb4d2832149ad919a6d44bb1ef22f64782eaa7b69142a5f5fa309ac2a0d81ff651729265b91c8c473137c1cd42cb9716a8d83075bf8285808b28f8165f3a835d8d16ee8a7fd33de06ce95a290524455f1f5366f88ffc0e793ce5ec9565bd837b49c770845a237612cfbb09757f755614e42f7bfdfd7688cc5880563d2654c8c81a9d8d8d3cd4edaf327e65b3e5ee8676404f3c9e18b715e98c54fd4a31c10840734203bf9f6c00510045000b000200720000000000160041220aa167b05c69b5b282532f3cfc5f622e8c9ce931818a986fc0316b1497fe316d328bd4b1392840df2107d13c382e02564e36d2d07f927d7e9016a8f8ac3bc9160022000be90eaabada8fc9b6e2912d92255edaae1b37faa1bb707fa5b38af55e3dafcb220000010000
Received TPM command:8002000000410000015a8000000100000009400000090000000000ffff00200020ffffffffffffffffffffffffffffffffffffffffffffffffffffffffffffffff
Scheme id is 22
Scheme is sphincs_shake256_256f_simple


crypto-sign-signature-streaming-start-kcycles:1924510
crypto-sign-signature-streaming-stop-kcycles:23545148
crypto-sign-signature-streaming-total-kcycles:21620638
crypto-sign-signature-streaming-write-kcycles:3312840
command.parameterSize = 21 maxResponse = 2048
Command Response ready:800200000015000000000000000200000000010000
Received TPM command:8001000000340000017580000001ffff00200020ffffffffffffffffffffffffffffffffffffffffffffffffffffffffffffffff
reached PQC_Public
Scheme id is 22
Scheme is sphincs_shake256_256f_simple
crypto-sign-verify-streaming-start-kcycles:23561889
crypto-sign-verify-streaming-kcycles:26731619
crypto-sign-verify-streaming-total-kcycles:3169730
crypto-sign-verify-streaming-read-kcycles:2682478
crypto_sign_verify_streaming retured 0
command.parameterSize = 82 maxResponse = 2048
Command Response ready:80010000005200000000000bffffffffffffffffffffffffffffffffffffffffffffffffffffffffffffffff4040002000204040404040404040404040404040404040404040404040404040404040404040
