e:4
time:42269
time:84583
[+] booting TPM(0)
Size of OBJECT = zu
Size of components in TPMT_SENSITIVE = zu
    TPMI_ALG_PUBLIC                 zu
    TPM2B_AUTH                      zu
    TPM2B_DIGEST                    zu
    TPMU_SENSITIVE_COMPOSITE        zu
MAX_CONTEXT_SIZE can be reduced to 2424 (2500)
RC is 0
Primary Handle is 0x80000000
[+] TPM booted
0
0
Received TPM command:80020000003700000191800000000000000940000009000000000000040000000000140045000b00020072000000000014000400000000
../tpm/CryptPqcMain.c:25 reached
Scheme id is 00000014
Scheme is sphincs_shake256_192f_simple
crypto-sign-keypair-start-kcycles:1002687
crypto-sign-keypair-stop-kcycles:1346334
crypto-sign-keypair-total-kcycles:343647
(49,97)
command.parameterSize = 319 maxResponse = 2048
Command Response ready:80020000013f00000000800000010000012800bf0020d59577b6d1ca13a915857ac5767e2c075a7b5f458d20e6dbee4c01db74146fd6001062fa60d9f9a3659af10227ba4a96a3e7ea0052ef1ab853ffa7f0482640f4db2b7abc1963c8163b5e4300e5aebb18f60060202cf29832c25f0729ebc1b272c02442ea3cdaf60a693543d657ecc36ee530f2ed6fd6c1eb0fb9b697b47809aa99f0862bfd00794cb36be7fc491e91c0533e90f5ccffd512846132cb19214f1f903970d022330e43242080e9b689f74fc6503e948b4a68f81d3264a7f100410045000b0002007200000000001400318d2f4070a490a35b6199efa783bf735e220aa167b05c69b595105cd7516aa458df4ed79e5fce7b1daff235da179602b8140022000bfecb305eda862ebc9eb386719f2b89a649b8f217ee491b34d0d2d548d9e9151b0000010000
Received TPM command:8002000000410000015a8000000100000009400000090000000000ffff00200020ffffffffffffffffffffffffffffffffffffffffffffffffffffffffffffffff
Scheme id is 20
Scheme is sphincs_shake256_192f_simple


crypto-sign-signature-streaming-start-kcycles:1391115
crypto-sign-signature-streaming-stop-kcycles:12668666
crypto-sign-signature-streaming-total-kcycles:11277551
crypto-sign-signature-streaming-write-kcycles:2389662
command.parameterSize = 21 maxResponse = 2048
Command Response ready:800200000015000000000000000200000000010000
Received TPM command:8001000000340000017580000001ffff00200020ffffffffffffffffffffffffffffffffffffffffffffffffffffffffffffffff
reached PQC_Public
Scheme id is 20
Scheme is sphincs_shake256_192f_simple
crypto-sign-verify-streaming-start-kcycles:12685411
crypto-sign-verify-streaming-kcycles:15081000
crypto-sign-verify-streaming-total-kcycles:2395589
crypto-sign-verify-streaming-read-kcycles:1924635
crypto_sign_verify_streaming retured 0
command.parameterSize = 82 maxResponse = 2048
Command Response ready:80010000005200000000000bffffffffffffffffffffffffffffffffffffffffffffffffffffffffffffffff4040002000204040404040404040404040404040404040404040404040404040404040404040
