spi mode: 4
bits per word: 8
max speed: 50000 Hz (50 KHz)
template_size=1004
sizeof(TPMU_SENSITIVE_CREATE) = 128
TPM_CreateLoaded cmd bytes:80020000003700000191800000000000000940000009000000000000040000000000140045000b00020072000000000017000400000000
..
[+] Command Transmitted

[+] TPM GO set

[+] Data Available

 data 0000016f
rsp size is 367
rsp:0000016fb600
TPM repsonse bytes:80020000016f00000000800000010000015800df00201d60894873cb7b6c63f7720fb19e36f5524b8fc7bef65e804565147908d82d70001062fa60d9f9a3659af10227ba4a96a3e74db123df8fd8dba97efb85b96adf3f2eb508a6831f7a701f05299fd858a52285d87964d4538676ef1dbb3979d9d678be391ec7a64757790a664a760e36e68d725c05d3769c693721bdc8ba3dfe02ba86602be4443252a6565ce7cb19279557075d272b379a5001f0ac0714470fb49b191c5be5c4a0c82c6911114d095fb4a6634797be9ce2cbb85dcb211fbad9b0cb3e8e44e38b8c57c579bc078d7fbebd725738f44c28d4c3a094b25dc700510045000b000200720000000000170041220aa167b05c69b5b282532f3cfc5f622e8c9ce931818a986fc0316b1497fe31aa09c5b47c923e7fef424835f1f24dc821cbe2e20e3a9895645fa2d485d69bdc170022000b8989a1364534128dba4a2b00b258938515f8e8237e13cf964a498b17f2c459c50000010000
TPM-CreateLoaded-time is 87.072s
command_code = 346
PQC_Private cmd bytes:8002000000410000015a8000000100000009400000090000000000ffff00200020ffffffffffffffffffffffffffffffffffffffffffffffffffffffffffffffff
...
[+] Command Transmitted

[+] TPM GO set

[+] Data Available

 data 00000015
rsp size is 21
rsp:000000150100
PQC_Private rsp bytes:800200000015000000000000000200000000010000
PQC-Private-time is 1044.707 s
command_code = 373
PQC_Public cmd bytes:8001000000340000017580000001ffff00200020ffffffffffffffffffffffffffffffffffffffffffffffffffffffffffffffff
stream_fill 29792
..
[+] Command Transmitted

[+] TPM GO set

[+] Data Available

 data 00000052
rsp size is 82
rsp:000000520000
PQC-Public-time is 11.082s
PQC_Public rsp bytes:80010000005200000000000bffffffffffffffffffffffffffffffffffffffffffffffffffffffffffffffff4040002000204040404040404040404040404040404040404040404040404040404040404040
write-time was 10.946s
read-time was 11.683s
