time:4
time:42269
time:84583
[+] booting TPM(0)
Size of OBJECT = zu
Size of components in TPMT_SENSITIVE = zu
    TPMI_ALG_PUBLIC                 zu
    TPM2B_AUTH                      zu
    TPM2B_DIGEST                    zu
    TPMU_SENSITIVE_COMPOSITE        zu
MAX_CONTEXT_SIZE can be reduced to 2424 (2500)
RC is 0
Primary Handle is 0x80000000
[+] TPM booted
0
0
Received TPM command:80020000003700000191800000000000000940000009000000000000040000000000140045000b00020072000000000013000400000000
../tpm/CryptPqcMain.c:25 reached
Scheme id is 00000013
Scheme is sphincs_shake256_128s_simple
crypto-sign-keypair-start-kcycles:1021248
crypto-sign-keypair-stop-kcycles:16004322
crypto-sign-keypair-total-kcycles:14983074
(33,65)
command.parameterSize = 271 maxResponse = 2048
Command Response ready:80020000010f0000000080000001000000f8009f0020f8c7ce40ac7419bb395c71f56c528cce7275b58bdf72c470a03c3a5841c44bed001062fa60d9f9a3659af10227ba4a96a3e7f2f866810a79998463badbb024cdc85d587b3144207136e1f3f07cb1d41622f66f00642cf56ce7ec95ed31acd0b87f2a95d2ea7590aa3d9a959e87cbc2a2fb6172c530aed5cc4cc90daeaceebaff50351ab2c0fa319876fbd7d037b0c07ecb3ba47f8a0f2f360b1cc1b5da00310045000b00020072000000000013002159310ac183a1da1883dab5318105fb5270fc648e0a9f165d00e961fb111583ae130022000b4dee035b74432e56f17fb35cd3d1eccd55b2fb1c1a9c06fb7fcebf6830a0ac830000010000
Received TPM command:8002000000410000015a8000000100000009400000090000000000ffff00200020ffffffffffffffffffffffffffffffffffffffffffffffffffffffffffffffff
Scheme id is 19
Scheme is sphincs_shake256_128s_simple


crypto-sign-signature-streaming-start-kcycles:16045964
crypto-sign-signature-streaming-stop-kcycles:130423814
crypto-sign-signature-streaming-total-kcycles:114377850
crypto-sign-signature-streaming-write-kcycles:524740
command.parameterSize = 21 maxResponse = 2048
Command Response ready:800200000015000000000000000200000000010000
Received TPM command:8001000000340000017580000001ffff00200020ffffffffffffffffffffffffffffffffffffffffffffffffffffffffffffffff
reached PQC_Public
Scheme id is 19
Scheme is sphincs_shake256_128s_simple
crypto-sign-verify-streaming-start-kcycles:130440536
crypto-sign-verify-streaming-kcycles:130977991
crypto-sign-verify-streaming-total-kcycles:537455
crypto-sign-verify-streaming-read-kcycles:423702
crypto_sign_verify_streaming retured 0
command.parameterSize = 82 maxResponse = 2048
Command Response ready:80010000005200000000000bffffffffffffffffffffffffffffffffffffffffffffffffffffffffffffffff4040002000204040404040404040404040404040404040404040404040404040404040404040
