time:4
time:42269
time:84583
[+] booting TPM(0)
Size of OBJECT = zu
Size of components in TPMT_SENSITIVE = zu
    TPMI_ALG_PUBLIC                 zu
    TPM2B_AUTH                      zu
    TPM2B_DIGEST                    zu
    TPMU_SENSITIVE_COMPOSITE        zu
MAX_CONTEXT_SIZE can be reduced to 2424 (2500)
RC is 0
Primary Handle is 0x80000000
[+] TPM booted
0
0
Received TPM command:80020000003700000191800000000000000940000009000000000000040000000000140045000b0002007200000000000f000400000000
../tpm/CryptPqcMain.c:25 reached
Scheme id is 0000000f
Scheme is sphincs_shake256_192s_robust
crypto-sign-keypair-start-kcycles:951035
crypto-sign-keypair-stop-kcycles:43177291
crypto-sign-keypair-total-kcycles:42226256
(49,97)
command.parameterSize = 319 maxResponse = 2048
Command Response ready:80020000013f00000000800000010000012800bf0020efbc6e90db3dabb1d6327b6dbe0b4f227813917c7d231a51034c671376759c26001062fa60d9f9a3659af10227ba4a96a3e75a785c286e4722a368d5da76768415d97105201a7101fb5939337e672f835be2c2832f77b41a79847d5ea0e994e09d8c59450b0b74a12b0657657d48a04717a6b0445929c225e7973bf2acefce940f9e593e0fd775161555c8fb9c310c7b3fc630d846f7bd3a76b07d13401789ed21069a29245954d502c4b3fb7f3da7b3a0d81eeb98c75e943f4bfcf5b600410045000b0002007200000000000f00318d2f4070a490a35b6199efa783bf735e220aa167b05c69b55d887dfcd8410e8386a43fdf9325ea410f71db81e3adb4a10f0022000b65758c19b7f787214eb60e346396e15b79b818370c818ea48a90888b39a5dc820000010000
Received TPM command:8002000000410000015a8000000100000009400000090000000000ffff00200020ffffffffffffffffffffffffffffffffffffffffffffffffffffffffffffffff
Scheme id is 15
Scheme is sphincs_shake256_192s_robust


crypto-sign-signature-streaming-start-kcycles:43222892
crypto-sign-signature-streaming-stop-kcycles:412242169
crypto-sign-signature-streaming-total-kcycles:369019277
crypto-sign-signature-streaming-write-kcycles:1091812
command.parameterSize = 21 maxResponse = 2048
Command Response ready:800200000015000000000000000200000000010000
Received TPM command:8001000000340000017580000001ffff00200020ffffffffffffffffffffffffffffffffffffffffffffffffffffffffffffffff
reached PQC_Public
Scheme id is 15
Scheme is sphincs_shake256_192s_robust
crypto-sign-verify-streaming-start-kcycles:412258907
crypto-sign-verify-streaming-kcycles:413466602
crypto-sign-verify-streaming-total-kcycles:1207695
crypto-sign-verify-streaming-read-kcycles:872392
crypto_sign_verify_streaming retured 0
command.parameterSize = 82 maxResponse = 2048
Command Response ready:80010000005200000000000bffffffffffffffffffffffffffffffffffffffffffffffffffffffffffffffff4040002000204040404040404040404040404040404040404040404040404040404040404040
