time:4
time:42269
time:84583
[+] booting TPM(0)
Size of OBJECT = zu
Size of components in TPMT_SENSITIVE = zu
    TPMI_ALG_PUBLIC                 zu
    TPM2B_AUTH                      zu
    TPM2B_DIGEST                    zu
    TPMU_SENSITIVE_COMPOSITE        zu
MAX_CONTEXT_SIZE can be reduced to 2424 (2500)
RC is 0
Primary Handle is 0x80000000
[+] TPM booted
0
0
Received TPM command:80020000003700000191800000000000000940000009000000000000040000000000140045000b00020072000000000005000400000000
../tpm/CryptPqcMain.c:25 reached
Scheme id is 00000005
Scheme is sphincs_sha256_256s_robust
crypto-sign-keypair-start-kcycles:965487
crypto-sign-keypair-stop-kcycles:6242011
crypto-sign-keypair-total-kcycles:5276524
(65,129)
command.parameterSize = 367 maxResponse = 2048
Command Response ready:80020000016f00000000800000010000015800df00205611f2dbb3a3df78fe087535efa86092bec61e2a32286dc7a7c8eae59e85410d001062fa60d9f9a3659af10227ba4a96a3e74aae24aaba0b086cae389f87af7f01d4da091d5d11deb2298da1943a778b7d9f00b37aa754cd73daa9f579092c956ec9792220c3e1a0217d351de1fad03df414913ea01c7f708a7dee3af5a3ced485ab22082092f5d25ebc64b354cd1c538679cae4b7328c5da25927176154dceae40a04a7e35f63f7846c51d20ae38eb86e1df6ccae752c01b804a51fe27a7a965e5624037ce8c77c326106bf3d147410169bac36641b451a183d5b142700510045000b000200720000000000050041220aa167b05c69b5b282532f3cfc5f622e8c9ce931818a986fc0316b1497fe3155b9aa837a3df8a62aa6e37b624890de991f32c40dea320735d432faf75590a7050022000bdb00e7d887527a1e36e922a793d1697456eccdcb48b29b39ce5b497799568ac70000010000
Received TPM command:8002000000410000015a8000000100000009400000090000000000ffff00200020ffffffffffffffffffffffffffffffffffffffffffffffffffffffffffffffff
Scheme id is 5
Scheme is sphincs_sha256_256s_robust


crypto-sign-signature-streaming-start-kcycles:6292000
crypto-sign-signature-streaming-stop-kcycles:73065428
crypto-sign-signature-streaming-total-kcycles:66773428
crypto-sign-signature-streaming-write-kcycles:1981241
command.parameterSize = 21 maxResponse = 2048
Command Response ready:800200000015000000000000000200000000010000
Received TPM command:8001000000340000017580000001ffff00200020ffffffffffffffffffffffffffffffffffffffffffffffffffffffffffffffff
reached PQC_Public
Scheme id is 5
Scheme is sphincs_sha256_256s_robust
crypto-sign-verify-streaming-start-kcycles:73082092
crypto-sign-verify-streaming-kcycles:74798648
crypto-sign-verify-streaming-total-kcycles:1716556
crypto-sign-verify-streaming-read-kcycles:1612096
crypto_sign_verify_streaming retured 0
command.parameterSize = 82 maxResponse = 2048
Command Response ready:80010000005200000000000bffffffffffffffffffffffffffffffffffffffffffffffffffffffffffffffff4040002000204040404040404040404040404040404040404040404040404040404040404040
