time:4
time:42269
time:84583
[+] booting TPM(0)
Size of OBJECT = zu
Size of components in TPMT_SENSITIVE = zu
    TPMI_ALG_PUBLIC                 zu
    TPM2B_AUTH                      zu
    TPM2B_DIGEST                    zu
    TPMU_SENSITIVE_COMPOSITE        zu
MAX_CONTEXT_SIZE can be reduced to 2424 (2500)
RC is 0
Primary Handle is 0x80000000
[+] TPM booted
0
0
Received TPM command:80020000003700000191800000000000000940000009000000000000040000000000140045000b00020072000000000000000400000000
../tpm/CryptPqcMain.c:25 reached
Scheme id is 00000000
Scheme is sphincs_sha256_128f_robust
crypto-sign-keypair-start-kcycles:980510
crypto-sign-keypair-stop-kcycles:1041036
crypto-sign-keypair-total-kcycles:60526
(33,65)
command.parameterSize = 271 maxResponse = 2048
Command Response ready:80020000010f0000000080000001000000f8009f002061d3445df4880a10875897e6aa38d6bd6405cf4e7b814b56f2f954bd2d77e856001062fa60d9f9a3659af10227ba4a96a3e74346eb25b6742448c46c4014a7e64bf39204dd99d94df99b032eb629825161b588b4dd2646ceda3ee858a0717222fa96d6b5c670a297866179502928268eea17ab2cb5f010082a8f47cd66c202cd97d30163bbef7df545dc9b93d2610ae5fd3867fd8161721ce4e1381bf700310045000b00020072000000000000002159310ac183a1da1883dab5318105fb52a621a3d820830b779938b5f7d0640360000022000bbe7f74860a2b90aa56d59483cab7496bd0200f88265c717fa791be566370de840000010000
Received TPM command:8002000000410000015a8000000100000009400000090000000000ffff00200020ffffffffffffffffffffffffffffffffffffffffffffffffffffffffffffffff
Scheme id is 0
Scheme is sphincs_sha256_128f_robust


crypto-sign-signature-streaming-start-kcycles:1082306
crypto-sign-signature-streaming-stop-kcycles:3629070
crypto-sign-signature-streaming-total-kcycles:2546764
crypto-sign-signature-streaming-write-kcycles:1137181
command.parameterSize = 21 maxResponse = 2048
Command Response ready:800200000015000000000000000200000000010000
Received TPM command:8001000000340000017580000001ffff00200020ffffffffffffffffffffffffffffffffffffffffffffffffffffffffffffffff
reached PQC_Public
Scheme id is 0
Scheme is sphincs_sha256_128f_robust
crypto-sign-verify-streaming-start-kcycles:3644547
crypto-sign-verify-streaming-kcycles:4662187
crypto-sign-verify-streaming-total-kcycles:1017640
crypto-sign-verify-streaming-read-kcycles:923579
crypto_sign_verify_streaming retured 0
command.parameterSize = 82 maxResponse = 2048
Command Response ready:80010000005200000000000bffffffffffffffffffffffffffffffffffffffffffffffffffffffffffffffff4040002000204040404040404040404040404040404040404040404040404040404040404040
