time:4
time:42269
time:84583
[+] booting TPM(0)
Size of OBJECT = zu
Size of components in TPMT_SENSITIVE = zu
    TPMI_ALG_PUBLIC                 zu
    TPM2B_AUTH                      zu
    TPM2B_DIGEST                    zu
    TPMU_SENSITIVE_COMPOSITE        zu
MAX_CONTEXT_SIZE can be reduced to 2424 (2500)
RC is 0
Primary Handle is 0x80000000
[+] TPM booted
0
0
Received TPM command:80020000003700000191800000000000000940000009000000000000040000000000140045000b00020072000000000010000400000000
../tpm/CryptPqcMain.c:25 reached
Scheme id is 00000010
Scheme is sphincs_shake256_256f_robust
crypto-sign-keypair-start-kcycles:950328
crypto-sign-keypair-stop-kcycles:2695871
crypto-sign-keypair-total-kcycles:1745543
(65,129)
command.parameterSize = 367 maxResponse = 2048
Command Response ready:80020000016f00000000800000010000015800df0020a21e115ac4088cc336f09fe78070325fea827d965bd679ada51b7f2ee1c8fb9e001062fa60d9f9a3659af10227ba4a96a3e7caa809d0797f1df5734836f8adb3c4c4d3a96ea1e36b8d66f1b189153673bb13ae9e0b37a2c2116558e92e1b4cc89c83bf59e49b43636642c3d6c86acc3ab2f54ea239477860318ba5178d8b22acc062d40aba1116e3473298dfefe7a743b8fecbbbc26fbc8e20b4331b5c39b12853ec5570c002265a5031da3cecd21cc4ea305b3a1990daba4828f09be5bc6860d9364161d6dadda6ab4fdafe043361c9bf2579df4db75c6162429c665900510045000b000200720000000000100041220aa167b05c69b5b282532f3cfc5f622e8c9ce931818a986fc0316b1497fe310381fffda338756ce769a1f0119cff7033287eae97be77437d987c85db486bb1100022000b4f25e6b7295348a824dcc4f761b5df20cede92547788ffa128c9e1e0a0b7aad40000010000
Received TPM command:8002000000410000015a8000000100000009400000090000000000ffff00200020ffffffffffffffffffffffffffffffffffffffffffffffffffffffffffffffff
Scheme id is 16
Scheme is sphincs_shake256_256f_robust


crypto-sign-signature-streaming-start-kcycles:2746601
crypto-sign-signature-streaming-stop-kcycles:40424055
crypto-sign-signature-streaming-total-kcycles:37677454
crypto-sign-signature-streaming-write-kcycles:3309601
command.parameterSize = 21 maxResponse = 2048
Command Response ready:800200000015000000000000000200000000010000
Received TPM command:8001000000340000017580000001ffff00200020ffffffffffffffffffffffffffffffffffffffffffffffffffffffffffffffff
reached PQC_Public
Scheme id is 16
Scheme is sphincs_shake256_256f_robust
crypto-sign-verify-streaming-start-kcycles:40440800
crypto-sign-verify-streaming-kcycles:44097705
crypto-sign-verify-streaming-total-kcycles:3656905
crypto-sign-verify-streaming-read-kcycles:2687455
crypto_sign_verify_streaming retured 0
command.parameterSize = 82 maxResponse = 2048
Command Response ready:80010000005200000000000bffffffffffffffffffffffffffffffffffffffffffffffffffffffffffffffff4040002000204040404040404040404040404040404040404040404040404040404040404040
