spi mode: 4
bits per word: 8
max speed: 50000 Hz (50 KHz)
template_size=1004
sizeof(TPMU_SENSITIVE_CREATE) = 128
TPM_CreateLoaded cmd bytes:80020000003700000191800000000000000940000009000000000000040000000000140045000b00020072000000000008000400000000
..
[+] Command Transmitted

[+] TPM GO set

[+] Data Available

 data 0000013f
rsp size is 319
rsp:0000013fb600
TPM repsonse bytes:80020000013f00000000800000010000012800bf00208586d9e9b30b56b53615a6205a9b8c2af22706715fcf101b78f7df504e20740f001062fa60d9f9a3659af10227ba4a96a3e70fafc5e05d87a54f507903490cef16ac54002758e7e0d6242ae0ec0f50bf5e397d569695de4ffc459f1669df2f9623871ebb5e5fc295ddb75618c6bbf55d7e31b35944b56e3223cbda65e923c452f20f343f5d3d94208433848f46bb3b65889019af4d229f34dcb0e4a38c48e03270126143618f31bdc3cf38179aa424c337b7aea13ec07bbf6d6dfc32c600410045000b0002007200000000000800318d2f4070a490a35b6199efa783bf735e220aa167b05c69b590d57c0411d2312ad064700fa86071dfd45021d69be809ef080022000b4f416caaa7622408b5a58b8ce41d675a394f792ad1eb532f1cf5c3875c0540130000010000
TPM-CreateLoaded-time is 0.528s
command_code = 346
PQC_Private cmd bytes:8002000000410000015a8000000100000009400000090000000000ffff00200020ffffffffffffffffffffffffffffffffffffffffffffffffffffffffffffffff
...
[+] Command Transmitted

[+] TPM GO set

[+] Data Available

 data 00000015
rsp size is 21
rsp:000000157900
PQC_Private rsp bytes:800200000015000000000000000200000000010000
PQC-Private-time is 21.458 s
command_code = 373
PQC_Public cmd bytes:8001000000340000017580000001ffff00200020ffffffffffffffffffffffffffffffffffffffffffffffffffffffffffffffff
stream_fill 35664
..
[+] Command Transmitted

[+] TPM GO set

[+] Data Available

 data 00000052
rsp size is 82
rsp:000000520000
PQC-Public-time is 12.185s
PQC_Public rsp bytes:80010000005200000000000bffffffffffffffffffffffffffffffffffffffffffffffffffffffffffffffff4040002000204040404040404040404040404040404040404040404040404040404040404040
write-time was 12.085s
read-time was 14.091s
