time:4
time:42269
time:84583
[+] booting TPM(0)
Size of OBJECT = zu
Size of components in TPMT_SENSITIVE = zu
    TPMI_ALG_PUBLIC                 zu
    TPM2B_AUTH                      zu
    TPM2B_DIGEST                    zu
    TPMU_SENSITIVE_COMPOSITE        zu
MAX_CONTEXT_SIZE can be reduced to 2424 (2500)
RC is 0
Primary Handle is 0x80000000
[+] TPM booted
0
0
Received TPM command:80020000003700000191800000000000000940000009000000000000040000000000140045000b00020072000000000004000400000000
../tpm/CryptPqcMain.c:25 reached
Scheme id is 00000004
Scheme is sphincs_sha256_256f_robust
keygen-start-kcycles:1000451
keygen-stop-kcycles:1332283
keygen-total-kcycles:331832
(65,129)
command.parameterSize = 367 maxResponse = 2048
Command Response ready:80020000016f00000000800000010000015800df002003a776a1853ee405fa841b67c4d1e8c062bcd970054ac9be556dd68c05935b3e001062fa60d9f9a3659af10227ba4a96a3e77e3a3bcc9180328346014e25baaa937ee00bfefb101c965e6a4eae08b4c6522a55058ea9f028e561eb5df913703dc3bec6c10c6d764576e903bc6677ffcb1ca6f890117c3d074b334e08f181f3449ff05fa2a0a9f46c160acbbec3a7837fadcd228a3bf0deeae0ae8e3167ade678c1b65fd23d4cd835374d2970b872fc95f2e17e67a57deed6a73b833ef87738663549f6f2f82f399bfb3dc7602d560c7418efee8f0c601a2f0f75e6351000510045000b000200720000000000040041220aa167b05c69b5b282532f3cfc5f622e8c9ce931818a986fc0316b1497fe31a084fb2f14b2904b1ba7402bd1d2a29cdbf5c8b736831a9eadd3ccaa4176dc8b040022000bbe9f712009fab04c2cc9f26297ebed3d7ef94eef9bd6fac558a1414113f95b370000010000
Received TPM command:8002000000410000015a8000000100000009400000090000000000ffff00200020ffffffffffffffffffffffffffffffffffffffffffffffffffffffffffffffff
Scheme id is 4
Scheme is sphincs_sha256_256f_robust


sign-start-kcycles:1384350
sign-stop-kcycles:15469517
sign-total-kcycles:14085167
sign-write-kcycles:7307033
command.parameterSize = 21 maxResponse = 2048
Command Response ready:800200000015000000000000000200000000010000
Received TPM command:8001000000340000017580000001ffff00200020ffffffffffffffffffffffffffffffffffffffffffffffffffffffffffffffff
reached PQC_Public
Scheme id is 4
Scheme is sphincs_sha256_256f_robust
verify-start-kcycles:15485903
verify-stop-kcycles:21531604
verify-total-kcycles:6045701
verify-read-kcycles:5844298
crypto_sign_verify_streaming retured 0
command.parameterSize = 82 maxResponse = 2048
Command Response ready:80010000005200000000000bffffffffffffffffffffffffffffffffffffffffffffffffffffffffffffffff4040002000204040404040404040404040404040404040404040404040404040404040404040
