time:4
time:42269
time:84583
[+] booting TPM(0)
Size of OBJECT = zu
Size of components in TPMT_SENSITIVE = zu
    TPMI_ALG_PUBLIC                 zu
    TPM2B_AUTH                      zu
    TPM2B_DIGEST                    zu
    TPMU_SENSITIVE_COMPOSITE        zu
MAX_CONTEXT_SIZE can be reduced to 2424 (2500)
RC is 0
Primary Handle is 0x80000000
[+] TPM booted
0
0
Received TPM command:80020000003700000191800000000000000940000009000000000000040000000000140045000b00020072000000000006000400000000
../tpm/CryptPqcMain.c:25 reached
Scheme id is 00000006
Scheme is sphincs_sha256_128f_simple
keygen-start-kcycles:993060
keygen-stop-kcycles:1022957
keygen-total-kcycles:29897
(33,65)
command.parameterSize = 271 maxResponse = 2048
Command Response ready:80020000010f0000000080000001000000f8009f0020b0aacbeb181ca7a6ecb72d609625635e53750b10677d2c6fd482dea7a27e5c3c001062fa60d9f9a3659af10227ba4a96a3e71873ba2c30cd3f53f16d6951cdee25adcb3bc3d1a7e7c4b2ddbf3aea0210184c5984de28664fda336b177d3b88b80be968eb9c5e303ab14cbf64f943a18139c766195ecc4a40a06e33ee29b27dab075842f3d134f603763fd0fcce39a7d23eb03eb83b342a0926c5e1744200310045000b00020072000000000006002159310ac183a1da1883dab5318105fb5282b0018c9fef4a8eedef9c8c4ac3e510060022000b912b9896fd25acbf7ffe48fbba32b3ec3eb298ae8f6893d5e62dc1b1122a1f3d0000010000
Received TPM command:8002000000410000015a8000000100000009400000090000000000ffff00200020ffffffffffffffffffffffffffffffffffffffffffffffffffffffffffffffff
Scheme id is 6
Scheme is sphincs_sha256_128f_simple


sign-start-kcycles:1065898
sign-stop-kcycles:6687575
sign-total-kcycles:5621677
sign-write-kcycles:4919418
command.parameterSize = 21 maxResponse = 2048
Command Response ready:800200000015000000000000000200000000010000
Received TPM command:8001000000340000017580000001ffff00200020ffffffffffffffffffffffffffffffffffffffffffffffffffffffffffffffff
reached PQC_Public
Scheme id is 6
Scheme is sphincs_sha256_128f_simple
verify-start-kcycles:6703960
verify-stop-kcycles:10796208
verify-total-kcycles:4092248
verify-read-kcycles:4051397
crypto_sign_verify_streaming retured 0
command.parameterSize = 82 maxResponse = 2048
Command Response ready:80010000005200000000000bffffffffffffffffffffffffffffffffffffffffffffffffffffffffffffffff4040002000204040404040404040404040404040404040404040404040404040404040404040
