spi mode: 4
bits per word: 8
max speed: 500000 Hz (500 KHz)
template_size=1004
sizeof(TPMU_SENSITIVE_CREATE) = 128
TPM_CreateLoaded cmd bytes:80020000003700000191800000000000000940000009000000000000040000000000140045000b0002007200000000000c000400000000
..
[+] Command Transmitted

[+] TPM GO set

[+] Data Available

 data 0000010f
rsp size is 271
rsp:0000010fb600
TPM repsonse bytes:80020000010f0000000080000001000000f8009f0020be0426dd7833a4e0578008aa4e833de30945bb9af435bc7537b51ac60095da4a001062fa60d9f9a3659af10227ba4a96a3e78e7606aaaf105a162941ae43314a64a9a3824386d04a035da06255a22c7a9dbc5ded86df70ab16705d6d7e0c1a04263bcbaba755d245fc6b9dc358f8ce2ff81455f4bbeecafd85a336e376ec4d7c9d63fbb0099d25faf16f8ff94d2b738f472cd5ae168f961e4fa3186f0800310045000b0002007200000000000c002159310ac183a1da1883dab5318105fb523c879b5f3dd0a32d0d61d2aa111d54da0c0022000b8766086c9968abeaba20ef87d847e1114b793626631d50f947a6ae86cc1ccedc0000010000
gen_time is 2.932s
command_code = 346
PQC_Private cmd bytes:8002000000410000015a8000000100000009400000090000000000ffff00200020ffffffffffffffffffffffffffffffffffffffffffffffffffffffffffffffff
...
[+] Command Transmitted

[+] TPM GO set

[+] Data Available

 data 00000015
rsp size is 21
rsp:000000150100
PQC_Private rsp bytes:800200000015000000000000000200000000010000
sign_time is 88.376 s
command_code = 373
PQC_Public cmd bytes:8001000000340000017580000001ffff00200020ffffffffffffffffffffffffffffffffffffffffffffffffffffffffffffffff
stream_fill 17088
..
[+] Command Transmitted

[+] TPM GO set

[+] Data Available

 data 00000052
rsp size is 82
rsp:000000520000
verify_time is 24.525s
PQC_Public rsp bytes:80010000005200000000000bffffffffffffffffffffffffffffffffffffffffffffffffffffffffffffffff4040002000204040404040404040404040404040404040404040404040404040404040404040
write time was 24.376s
 read time was 20.672s
