spi mode: 4
bits per word: 8
max speed: 500000 Hz (500 KHz)
template_size=1004
sizeof(TPMU_SENSITIVE_CREATE) = 128
TPM_CreateLoaded cmd bytes:80020000003700000191800000000000000940000009000000000000040000000000140045000b00020072000000000005000400000000
..
[+] Command Transmitted

[+] TPM GO set

[+] Data Available

 data 0000016f
rsp size is 367
rsp:0000016fb600
TPM repsonse bytes:80020000016f00000000800000010000015800df00205611f2dbb3a3df78fe087535efa86092bec61e2a32286dc7a7c8eae59e85410d001062fa60d9f9a3659af10227ba4a96a3e74aae24aaba0b086cae389f87af7f01d4da091d5d11deb2298da1943a778b7d9f00b37aa754cd73daa9f579092c956ec9792220c3e1a0217d351de1fad03df414913ea01c7f708a7dee3af5a3ced485ab22082092f5d25ebc64b354cd1c538679cae4b7328c5da25927176154dceae40a04a7e35f63f7846c51d20ae38eb86e1df6ccae752c01b804a51fe27a7a965e5624037ce8c77c326106bf3d147410169bac36641b451a183d5b142700510045000b000200720000000000050041220aa167b05c69b5b282532f3cfc5f622e8c9ce931818a986fc0316b1497fe3155b9aa837a3df8a62aa6e37b624890de991f32c40dea320735d432faf75590a7050022000bdb00e7d887527a1e36e922a793d1697456eccdcb48b29b39ce5b497799568ac70000010000
gen_time is 31.932s
command_code = 346
PQC_Private cmd bytes:8002000000410000015a8000000100000009400000090000000000ffff00200020ffffffffffffffffffffffffffffffffffffffffffffffffffffffffffffffff
...
[+] Command Transmitted

[+] TPM GO set

[+] Data Available

 data 00000015
rsp size is 21
rsp:000000150100
PQC_Private rsp bytes:800200000015000000000000000200000000010000
sign_time is 411.694 s
command_code = 373
PQC_Public cmd bytes:8001000000340000017580000001ffff00200020ffffffffffffffffffffffffffffffffffffffffffffffffffffffffffffffff
stream_fill 29792
..
[+] Command Transmitted

[+] TPM GO set

[+] Data Available

 data 00000052
rsp size is 82
rsp:000000520000
verify_time is 21.671s
PQC_Public rsp bytes:80010000005200000000000bffffffffffffffffffffffffffffffffffffffffffffffffffffffffffffffff4040002000204040404040404040404040404040404040404040404040404040404040404040
write time was 21.522s
 read time was 17.673s
