spi mode: 4
bits per word: 8
max speed: 500000 Hz (500 KHz)
template_size=1004
sizeof(TPMU_SENSITIVE_CREATE) = 128
TPM_CreateLoaded cmd bytes:80020000003700000191800000000000000940000009000000000000040000000000140045000b0002007200000000000d000400000000
..
[+] Command Transmitted

[+] TPM GO set

[+] Data Available

 data 0000010f
rsp size is 271
rsp:0000010fb600
TPM repsonse bytes:80020000010f0000000080000001000000f8009f002006107525b0abf4a726ee9787fc59d939063d4acff3f735c4139361ca72f2590a001062fa60d9f9a3659af10227ba4a96a3e72c1ad719eb418ac3b2ed2314dd5ac4b1bf0a50c60b19d043fea28ae19a8a91a7c087ff2c1c746ba1daffff5518047e026b335a7d8c15bb94309e8b753a1487b9a1f7dc4316cf97533ee348089cb8a0fd33a37334474e10bdee4773887ee2e5a33d6772f025d531bd6675cf00310045000b0002007200000000000d002159310ac183a1da1883dab5318105fb52c993ddeaaa54365a40056b69a674bb1c0d0022000b337704561cf4bc893f8f4f94d3d1cda8679fd77a35c6d15d5d5f3a95e1f46c080000010000
gen_time is 172.476s
command_code = 346
PQC_Private cmd bytes:8002000000410000015a8000000100000009400000090000000000ffff00200020ffffffffffffffffffffffffffffffffffffffffffffffffffffffffffffffff
...
[+] Command Transmitted

[+] TPM GO set

[+] Data Available

 data 00000015
rsp size is 21
rsp:000000150100
PQC_Private rsp bytes:800200000015000000000000000200000000010000
sign_time is 1304.067 s
command_code = 373
PQC_Public cmd bytes:8001000000340000017580000001ffff00200020ffffffffffffffffffffffffffffffffffffffffffffffffffffffffffffffff
stream_fill 7856
..
[+] Command Transmitted

[+] TPM GO set

[+] Data Available

 data 00000052
rsp size is 82
rsp:000000520000
verify_time is 11.355s
PQC_Public rsp bytes:80010000005200000000000bffffffffffffffffffffffffffffffffffffffffffffffffffffffffffffffff4040002000204040404040404040404040404040404040404040404040404040404040404040
write time was 11.206s
 read time was 7.582s
