spi mode: 4
bits per word: 8
max speed: 500000 Hz (500 KHz)
template_size=1004
sizeof(TPMU_SENSITIVE_CREATE) = 128
TPM_CreateLoaded cmd bytes:80020000003700000191800000000000000940000009000000000000040000000000140045000b00020072000000000000000400000000
..
[+] Command Transmitted

[+] TPM GO set

[+] Data Available

 data 0000010f
rsp size is 271
rsp:0000010fb600
TPM repsonse bytes:80020000010f0000000080000001000000f8009f002061d3445df4880a10875897e6aa38d6bd6405cf4e7b814b56f2f954bd2d77e856001062fa60d9f9a3659af10227ba4a96a3e74346eb25b6742448c46c4014a7e64bf39204dd99d94df99b032eb629825161b588b4dd2646ceda3ee858a0717222fa96d6b5c670a297866179502928268eea17ab2cb5f010082a8f47cd66c202cd97d30163bbef7df545dc9b93d2610ae5fd3867fd8161721ce4e1381bf700310045000b00020072000000000000002159310ac183a1da1883dab5318105fb52a621a3d820830b779938b5f7d0640360000022000bbe7f74860a2b90aa56d59483cab7496bd0200f88265c717fa791be566370de840000010000
gen_time is 0.604s
command_code = 346
PQC_Private cmd bytes:8002000000410000015a8000000100000009400000090000000000ffff00200020ffffffffffffffffffffffffffffffffffffffffffffffffffffffffffffffff
...
[+] Command Transmitted

[+] TPM GO set

[+] Data Available

 data 00000015
rsp size is 21
rsp:000000150100
PQC_Private rsp bytes:800200000015000000000000000200000000010000
sign_time is 37.828 s
command_code = 373
PQC_Public cmd bytes:8001000000340000017580000001ffff00200020ffffffffffffffffffffffffffffffffffffffffffffffffffffffffffffffff
stream_fill 17088
..
[+] Command Transmitted

[+] TPM GO set

[+] Data Available

 data 00000052
rsp size is 82
rsp:000000520000
verify_time is 24.524s
PQC_Public rsp bytes:80010000005200000000000bffffffffffffffffffffffffffffffffffffffffffffffffffffffffffffffff4040002000204040404040404040404040404040404040404040404040404040404040404040
write time was 24.375s
 read time was 20.671s
