spi mode: 4
bits per word: 8
max speed: 500000 Hz (500 KHz)
template_size=1004
sizeof(TPMU_SENSITIVE_CREATE) = 128
TPM_CreateLoaded cmd bytes:80020000003700000191800000000000000940000009000000000000040000000000140045000b00020072000000000012000400000000
..
[+] Command Transmitted

[+] TPM GO set

[+] Data Available

 data 0000010f
rsp size is 271
rsp:0000010fb600
TPM repsonse bytes:80020000010f0000000080000001000000f8009f00204547fe7852db28a9d8d1af1147061e4e263baf4dd03887569a12b65e396af23c001062fa60d9f9a3659af10227ba4a96a3e77fc1cf53f69f42099b23292988c9dbc704cff97807e07339379f9e38cebc2ba6f037d0dd1748f2f34711c83d1109e1fdd9a31bb8cc7b18d82e055d04b7d8bcada4256083c6bab76409b52ed24e28a663d18125ab5dd40ae3e888bc297fe0839ccbf0bb4892f5d071ff614800310045000b00020072000000000012002159310ac183a1da1883dab5318105fb5209faeceb32a5a51914264a8902ce6ea2120022000bba4130179c97160a5db9ec94cc7f8e289fe46c1750e271d0da619826cb5a38210000010000
gen_time is 1.642s
command_code = 346
PQC_Private cmd bytes:8002000000410000015a8000000100000009400000090000000000ffff00200020ffffffffffffffffffffffffffffffffffffffffffffffffffffffffffffffff
...
[+] Command Transmitted

[+] TPM GO set

[+] Data Available

 data 00000015
rsp size is 21
rsp:000000150100
PQC_Private rsp bytes:800200000015000000000000000200000000010000
sign_time is 59.193 s
command_code = 373
PQC_Public cmd bytes:8001000000340000017580000001ffff00200020ffffffffffffffffffffffffffffffffffffffffffffffffffffffffffffffff
stream_fill 17088
..
[+] Command Transmitted

[+] TPM GO set

[+] Data Available

 data 00000052
rsp size is 82
rsp:000000520000
verify_time is 24.527s
PQC_Public rsp bytes:80010000005200000000000bffffffffffffffffffffffffffffffffffffffffffffffffffffffffffffffff4040002000204040404040404040404040404040404040404040404040404040404040404040
write time was 24.378s
 read time was 20.674s
