spi mode: 4
bits per word: 8
max speed: 500000 Hz (500 KHz)
template_size=1004
sizeof(TPMU_SENSITIVE_CREATE) = 128
TPM_CreateLoaded cmd bytes:80020000003700000191800000000000000940000009000000000000040000000000140045000b00020072000000000002000400000000
..
[+] Command Transmitted

[+] TPM GO set

[+] Data Available

 data 0000013f
rsp size is 319
rsp:0000013fb600
TPM repsonse bytes:80020000013f00000000800000010000012800bf002028413a992805786f002463948d3cfcbfb554cda52c2ec18cdb1bcc633a0f2e7b001062fa60d9f9a3659af10227ba4a96a3e7233d14de2718638941274055bc305237cbb6a0b0daa3b9df0252a835afc12f28e2aba7066bf0abf8b46485e3cc537db05a938d9754a7759984ddf8198734b8d2062c5a0a7303c41ce38a29cb8bd73852d20b27102711ec63c0265832d13f6dffc085ae5de54a8b9ed13484a0b854f5c44d026331fe0fda46aa3520df986f02778ca2501461c1d6a0a66afe00410045000b0002007200000000000200318d2f4070a490a35b6199efa783bf735e220aa167b05c69b5f198fdbf8070486d1ed0690d97cafaa4da8405c679f038a9020022000b8cfe6c64678edeceb3aba1781acb9f2301c7b1088788b71f05ca3097032a32590000010000
gen_time is 0.805s
command_code = 346
PQC_Private cmd bytes:8002000000410000015a8000000100000009400000090000000000ffff00200020ffffffffffffffffffffffffffffffffffffffffffffffffffffffffffffffff
...
[+] Command Transmitted

[+] TPM GO set

[+] Data Available

 data 00000015
rsp size is 21
rsp:00000015b100
PQC_Private rsp bytes:800200000015000000000000000200000000010000
sign_time is 56.799 s
command_code = 373
PQC_Public cmd bytes:8001000000340000017580000001ffff00200020ffffffffffffffffffffffffffffffffffffffffffffffffffffffffffffffff
stream_fill 35664
..
[+] Command Transmitted

[+] TPM GO set

[+] Data Available

 data 00000052
rsp size is 82
rsp:000000520000
verify_time is 34.283s
PQC_Public rsp bytes:80010000005200000000000bffffffffffffffffffffffffffffffffffffffffffffffffffffffffffffffff4040002000204040404040404040404040404040404040404040404040404040404040404040
write time was 34.134s
 read time was 30.308s
