spi mode: 4
bits per word: 8
max speed: 500000 Hz (500 KHz)
template_size=1004
sizeof(TPMU_SENSITIVE_CREATE) = 128
TPM_CreateLoaded cmd bytes:80020000003700000191800000000000000940000009000000000000040000000000140045000b0002007200000000000a000400000000
..
[+] Command Transmitted

[+] TPM GO set

[+] Data Available

 data 0000016f
rsp size is 367
rsp:0000016fb600
TPM repsonse bytes:80020000016f00000000800000010000015800df0020f7acb5e9d42ae1e0406ba6a340e6090268111281d0b0ed2ff85b56beba83d765001062fa60d9f9a3659af10227ba4a96a3e739ef5a3e19a07a87c788f92c1f8a153d746e28bf64c36ce0d8ca76174b6adffed88b1f9a93774f101b1675d1475b0114c5d87d0be2f79f57c76454e6da2542426880d02ee0e9fffc9283dcd4d7ecdfff68d32da92932116658f0091c500616c32768ec2d74acc4465bde89be94c696ee8a090a9aac33bcf5b29a827659c5d9c47724be946f1163f7e24a8ef154f70c320a667648ec200a38e34a2cbd727bfc6f7cbf591aaaebada984eae000510045000b0002007200000000000a0041220aa167b05c69b5b282532f3cfc5f622e8c9ce931818a986fc0316b1497fe310ecd13fac4e1d05d2f8eb70997838dd582b7973729f62bbb26e15458b7bf0be30a0022000b198845f9f65605ffb8b0ba6ebec76c659a9bd0e15e823ecc129682757c638af10000010000
gen_time is 1.013s
command_code = 346
PQC_Private cmd bytes:8002000000410000015a8000000100000009400000090000000000ffff00200020ffffffffffffffffffffffffffffffffffffffffffffffffffffffffffffffff
...
[+] Command Transmitted

[+] TPM GO set

[+] Data Available

 data 00000015
rsp size is 21
rsp:000000150100
PQC_Private rsp bytes:800200000015000000000000000200000000010000
sign_time is 60.239 s
command_code = 373
PQC_Public cmd bytes:8001000000340000017580000001ffff00200020ffffffffffffffffffffffffffffffffffffffffffffffffffffffffffffffff
stream_fill 49856
..
[+] Command Transmitted

[+] TPM GO set

[+] Data Available

 data 00000052
rsp size is 82
rsp:000000520000
verify_time is 36.165s
PQC_Public rsp bytes:80010000005200000000000bffffffffffffffffffffffffffffffffffffffffffffffffffffffffffffffff4040002000204040404040404040404040404040404040404040404040404040404040404040
write time was 36.016s
 read time was 32.301s
