time:4
time:42269
time:84583
[+] booting TPM(0)
Size of OBJECT = zu
Size of components in TPMT_SENSITIVE = zu
    TPMI_ALG_PUBLIC                 zu
    TPM2B_AUTH                      zu
    TPM2B_DIGEST                    zu
    TPMU_SENSITIVE_COMPOSITE        zu
MAX_CONTEXT_SIZE can be reduced to 2424 (2500)
RC is 0
Primary Handle is 0x80000000
[+] TPM booted
0
0
Received TPM command:80020000003700000191800000000000000940000009000000000000040000000000140045000b00020072000000000009000400000000
../tpm/CryptPqcMain.c:25 reached
Scheme id is 00000009
Scheme is sphincs_sha256_192s_simple
keygen-start-kcycles:974123
keygen-stop-kcycles:3831579
keygen-total-kcycles:2857456
(49,97)
command.parameterSize = 319 maxResponse = 2048
Command Response ready:80020000013f00000000800000010000012800bf00209bbedbb2b131086c612c7e71150914a289d8b32a95dc1d5d17016c3fc855923f001062fa60d9f9a3659af10227ba4a96a3e7574fc74b4e5e8ced4bffbb7ad6bbc8ecbd38143b551ef48c795170f9ab5e556eb402f3a5af0d3f16c7a3c5f60f5e3966286313dec0f533dff11793c3c3d4dd77b5204dcfddac9c0c0948f490d254e48646c6baa430f2d04f0a344771eda505a27b39be9afad43d94aa508f4ea6091358a7bcde2eb75aec44c5aa84b65e8cb556f703550a1fbda66c5e311f00410045000b0002007200000000000900318d2f4070a490a35b6199efa783bf735e220aa167b05c69b50029e32b1a129b1ed5506c11b73993792271e2e98b723870090022000be8f476da67a05abde6eff110d38913d701d8a187eebeb0906cf21b0251b662ea0000010000
Received TPM command:8002000000410000015a8000000100000009400000090000000000ffff00200020ffffffffffffffffffffffffffffffffffffffffffffffffffffffffffffffff
Scheme id is 9
Scheme is sphincs_sha256_192s_simple


sign-start-kcycles:3878557
sign-stop-kcycles:33786123
sign-total-kcycles:29907566
sign-write-kcycles:2662398
command.parameterSize = 21 maxResponse = 2048
Command Response ready:800200000015000000000000000200000000010000
Received TPM command:8001000000340000017580000001ffff00200020ffffffffffffffffffffffffffffffffffffffffffffffffffffffffffffffff
reached PQC_Public
Scheme id is 9
Scheme is sphincs_sha256_192s_simple
verify-start-kcycles:33802506
verify-stop-kcycles:36409735
verify-total-kcycles:2607229
verify-read-kcycles:2583722
crypto_sign_verify_streaming retured 0
command.parameterSize = 82 maxResponse = 2048
Command Response ready:80010000005200000000000bffffffffffffffffffffffffffffffffffffffffffffffffffffffffffffffff4040002000204040404040404040404040404040404040404040404040404040404040404040
