time:4
time:42269
time:84583
[+] booting TPM(0)
Size of OBJECT = zu
Size of components in TPMT_SENSITIVE = zu
    TPMI_ALG_PUBLIC                 zu
    TPM2B_AUTH                      zu
    TPM2B_DIGEST                    zu
    TPMU_SENSITIVE_COMPOSITE        zu
MAX_CONTEXT_SIZE can be reduced to 2424 (2500)
RC is 0
Primary Handle is 0x80000000
[+] TPM booted
0
0
Received TPM command:80020000003700000191800000000000000940000009000000000000040000000000140045000b00020072000000000003000400000000
../tpm/CryptPqcMain.c:25 reached
Scheme id is 00000003
Scheme is sphincs_sha256_192s_robust
keygen-start-kcycles:966971
keygen-stop-kcycles:6832853
keygen-total-kcycles:5865882
(49,97)
command.parameterSize = 319 maxResponse = 2048
Command Response ready:80020000013f00000000800000010000012800bf0020207b87738d54ea7f43a319707fa83a9f156bdb12799e87f8540cad77e61edd4f001062fa60d9f9a3659af10227ba4a96a3e73a7ac7541595918b41b6f1d7ae2356e9deafd4f2e36a7d84423fe355d0c57f1393da8e6332938f3ad7056d6f86e3940354937838e1896434eeb7e59cb9a1b28cd1c959db05b05e5c42415cc7eb3c3de5c1d8ab62d9ac82068e19b3e2e8c44b032ec1dafc754bd6b1e0734163061d0e90f112dd2fb7ba083f4a1183a665dd419ea0bb0a7995e867d21b7d7600410045000b0002007200000000000300318d2f4070a490a35b6199efa783bf735e220aa167b05c69b543ce7b1a893b553ec785f4ad4aa4553c3f7dee3926b57e08030022000bfba413708bf59d4f829f8c64cf88c223698a33d70053ec9e74d6e4644af481be0000010000
Received TPM command:8002000000410000015a8000000100000009400000090000000000ffff00200020ffffffffffffffffffffffffffffffffffffffffffffffffffffffffffffffff
Scheme id is 3
Scheme is sphincs_sha256_192s_robust


sign-start-kcycles:6879338
sign-stop-kcycles:63750048
sign-total-kcycles:56870710
sign-write-kcycles:2615016
command.parameterSize = 21 maxResponse = 2048
Command Response ready:800200000015000000000000000200000000010000
Received TPM command:8001000000340000017580000001ffff00200020ffffffffffffffffffffffffffffffffffffffffffffffffffffffffffffffff
reached PQC_Public
Scheme id is 3
Scheme is sphincs_sha256_192s_robust
verify-start-kcycles:63766433
verify-stop-kcycles:66373453
verify-total-kcycles:2607020
verify-read-kcycles:2558462
crypto_sign_verify_streaming retured 0
command.parameterSize = 82 maxResponse = 2048
Command Response ready:80010000005200000000000bffffffffffffffffffffffffffffffffffffffffffffffffffffffffffffffff4040002000204040404040404040404040404040404040404040404040404040404040404040
