spi mode: 4
bits per word: 8
max speed: 500000 Hz (500 KHz)
template_size=1004
sizeof(TPMU_SENSITIVE_CREATE) = 128
TPM_CreateLoaded cmd bytes:80020000003700000191800000000000000940000009000000000000040000000000140045000b0002007200000000000b000400000000
..
[+] Command Transmitted

[+] TPM GO set

[+] Data Available

 data 0000016f
rsp size is 367
rsp:0000016fb600
TPM repsonse bytes:80020000016f00000000800000010000015800df00207af15661e09d402f22c56a67e0ea96506ff2e1533a726c7a23b8c76f39fcce21001062fa60d9f9a3659af10227ba4a96a3e7a71042e8aba6a498410d0eeba2c23e033008727287287b8e189de19581a061f3ac7d64c18d1b5fa4e59154301ed765a72568a7cb349a82e3952de1edc5c7f6ef1fbc61867472c178a76f8bbbc918d09ebcbbbbe444fbda099a04d61bb6d7581045ec67fb95f7bebe4c7934a04d7a1574f98399206bd93875f9a9d4469b5921ffeeed67fed3e0329679360b8b6064154e895e47239d3ddf17fc3a556918b78a565c703403aefead9d12ab2800510045000b0002007200000000000b0041220aa167b05c69b5b282532f3cfc5f622e8c9ce931818a986fc0316b1497fe31e1b9626793956b5a45f0773cb6316c681791dd73448ca032f48815e632c0f8280b0022000bcd211a49e064c14763954f5fd119cf868a582e97bd419f5b8fd60418e0f971360000010000
gen_time is 11.753s
command_code = 346
PQC_Private cmd bytes:8002000000410000015a8000000100000009400000090000000000ffff00200020ffffffffffffffffffffffffffffffffffffffffffffffffffffffffffffffff
...
[+] Command Transmitted

[+] TPM GO set

[+] Data Available

 data 00000015
rsp size is 21
rsp:000000150100
PQC_Private rsp bytes:800200000015000000000000000200000000010000
sign_time is 172.585 s
command_code = 373
PQC_Public cmd bytes:8001000000340000017580000001ffff00200020ffffffffffffffffffffffffffffffffffffffffffffffffffffffffffffffff
stream_fill 29792
..
[+] Command Transmitted

[+] TPM GO set

[+] Data Available

 data 00000052
rsp size is 82
rsp:000000520000
verify_time is 21.672s
PQC_Public rsp bytes:80010000005200000000000bffffffffffffffffffffffffffffffffffffffffffffffffffffffffffffffff4040002000204040404040404040404040404040404040404040404040404040404040404040
write time was 21.523s
 read time was 17.674s
