time:4
time:42269
time:84583
[+] booting TPM(0)
Size of OBJECT = zu
Size of components in TPMT_SENSITIVE = zu
    TPMI_ALG_PUBLIC                 zu
    TPM2B_AUTH                      zu
    TPM2B_DIGEST                    zu
    TPMU_SENSITIVE_COMPOSITE        zu
MAX_CONTEXT_SIZE can be reduced to 2424 (2500)
RC is 0
Primary Handle is 0x80000000
[+] TPM booted
0
0
Received TPM command:80020000003700000191800000000000000940000009000000000000040000000000140045000b00020072000000000001000400000000
../tpm/CryptPqcMain.c:25 reached
Scheme id is 00000001
Scheme is sphincs_sha256_128s_robust
keygen-start-kcycles:949119
keygen-stop-kcycles:4836209
keygen-total-kcycles:3887090
(33,65)
command.parameterSize = 271 maxResponse = 2048
Command Response ready:80020000010f0000000080000001000000f8009f002082b31f98b122461dc911e70063d2cd07b61553c2122abf176a569cee51b2d7b2001062fa60d9f9a3659af10227ba4a96a3e789b9f164bc0b9dd3ff5180a10392223618cae964e8cea50b1fdc073dcf1264f16be50956cb1b4b3c1734f7f9d4a2190569602e3034ad014d40a0792a02fe3d3aed80fa20286c58ba64ec1082e52b44d15ddeb7cf22da2e177ccef75f89456250dbea3628b6fefa78d9465000310045000b00020072000000000001002159310ac183a1da1883dab5318105fb5273bc26988a057e24d5e7f227b59f4365010022000b155c2745955598925722c13160053c059187200dad67260b96249d56d40614510000010000
Received TPM command:8002000000410000015a8000000100000009400000090000000000ffff00200020ffffffffffffffffffffffffffffffffffffffffffffffffffffffffffffffff
Scheme id is 1
Scheme is sphincs_sha256_128s_robust


sign-start-kcycles:4879701
sign-stop-kcycles:35885169
sign-total-kcycles:31005468
sign-write-kcycles:1720025
command.parameterSize = 21 maxResponse = 2048
Command Response ready:800200000015000000000000000200000000010000
Received TPM command:8001000000340000017580000001ffff00200020ffffffffffffffffffffffffffffffffffffffffffffffffffffffffffffffff
reached PQC_Public
Scheme id is 1
Scheme is sphincs_sha256_128s_robust
verify-start-kcycles:35901552
verify-stop-kcycles:37783439
verify-total-kcycles:1881887
verify-read-kcycles:1852091
crypto_sign_verify_streaming retured 0
command.parameterSize = 82 maxResponse = 2048
Command Response ready:80010000005200000000000bffffffffffffffffffffffffffffffffffffffffffffffffffffffffffffffff4040002000204040404040404040404040404040404040404040404040404040404040404040
