spi mode: 4
bits per word: 8
max speed: 500000 Hz (500 KHz)
template_size=1004
sizeof(TPMU_SENSITIVE_CREATE) = 128
TPM_CreateLoaded cmd bytes:80020000003700000191800000000000000940000009000000000000040000000000140045000b00020072000000000004000400000000
..
[+] Command Transmitted

[+] TPM GO set

[+] Data Available

 data 0000016f
rsp size is 367
rsp:0000016fb600
TPM repsonse bytes:80020000016f00000000800000010000015800df002003a776a1853ee405fa841b67c4d1e8c062bcd970054ac9be556dd68c05935b3e001062fa60d9f9a3659af10227ba4a96a3e77e3a3bcc9180328346014e25baaa937ee00bfefb101c965e6a4eae08b4c6522a55058ea9f028e561eb5df913703dc3bec6c10c6d764576e903bc6677ffcb1ca6f890117c3d074b334e08f181f3449ff05fa2a0a9f46c160acbbec3a7837fadcd228a3bf0deeae0ae8e3167ade678c1b65fd23d4cd835374d2970b872fc95f2e17e67a57deed6a73b833ef87738663549f6f2f82f399bfb3dc7602d560c7418efee8f0c601a2f0f75e6351000510045000b000200720000000000040041220aa167b05c69b5b282532f3cfc5f622e8c9ce931818a986fc0316b1497fe31a084fb2f14b2904b1ba7402bd1d2a29cdbf5c8b736831a9eadd3ccaa4176dc8b040022000bbe9f712009fab04c2cc9f26297ebed3d7ef94eef9bd6fac558a1414113f95b370000010000
gen_time is 2.277s
command_code = 346
PQC_Private cmd bytes:8002000000410000015a8000000100000009400000090000000000ffff00200020ffffffffffffffffffffffffffffffffffffffffffffffffffffffffffffffff
...
[+] Command Transmitted

[+] TPM GO set

[+] Data Available

 data 00000015
rsp size is 21
rsp:000000150100
PQC_Private rsp bytes:800200000015000000000000000200000000010000
sign_time is 84.028 s
command_code = 373
PQC_Public cmd bytes:8001000000340000017580000001ffff00200020ffffffffffffffffffffffffffffffffffffffffffffffffffffffffffffffff
stream_fill 49856
..
[+] Command Transmitted

[+] TPM GO set

[+] Data Available

 data 00000052
rsp size is 82
rsp:000000520000
verify_time is 36.163s
PQC_Public rsp bytes:80010000005200000000000bffffffffffffffffffffffffffffffffffffffffffffffffffffffffffffffff4040002000204040404040404040404040404040404040404040404040404040404040404040
write time was 36.014s
 read time was 32.303s
