spi mode: 4
bits per word: 8
max speed: 500000 Hz (500 KHz)
template_size=1004
sizeof(TPMU_SENSITIVE_CREATE) = 128
TPM_CreateLoaded cmd bytes:80020000003700000191800000000000000940000009000000000000040000000000140045000b00020072000000000001000400000000
..
[+] Command Transmitted

[+] TPM GO set

[+] Data Available

 data 0000010f
rsp size is 271
rsp:0000010fb600
TPM repsonse bytes:80020000010f0000000080000001000000f8009f002082b31f98b122461dc911e70063d2cd07b61553c2122abf176a569cee51b2d7b2001062fa60d9f9a3659af10227ba4a96a3e789b9f164bc0b9dd3ff5180a10392223618cae964e8cea50b1fdc073dcf1264f16be50956cb1b4b3c1734f7f9d4a2190569602e3034ad014d40a0792a02fe3d3aed80fa20286c58ba64ec1082e52b44d15ddeb7cf22da2e177ccef75f89456250dbea3628b6fefa78d9465000310045000b00020072000000000001002159310ac183a1da1883dab5318105fb5273bc26988a057e24d5e7f227b59f4365010022000b155c2745955598925722c13160053c059187200dad67260b96249d56d40614510000010000
gen_time is 23.408s
command_code = 346
PQC_Private cmd bytes:8002000000410000015a8000000100000009400000090000000000ffff00200020ffffffffffffffffffffffffffffffffffffffffffffffffffffffffffffffff
...
[+] Command Transmitted

[+] TPM GO set

[+] Data Available

 data 00000015
rsp size is 21
rsp:000000150100
PQC_Private rsp bytes:800200000015000000000000000200000000010000
sign_time is 184.838 s
command_code = 373
PQC_Public cmd bytes:8001000000340000017580000001ffff00200020ffffffffffffffffffffffffffffffffffffffffffffffffffffffffffffffff
stream_fill 7856
..
[+] Command Transmitted

[+] TPM GO set

[+] Data Available

 data 00000052
rsp size is 82
rsp:000000520000
verify_time is 11.356s
PQC_Public rsp bytes:80010000005200000000000bffffffffffffffffffffffffffffffffffffffffffffffffffffffffffffffff4040002000204040404040404040404040404040404040404040404040404040404040404040
write time was 11.207s
 read time was 7.582s
